<?xml version="1.0" encoding="UTF-8"?>
<testsuite xmlns:xsi="http://www.w3.org/2001/XMLSchema-instance" xsi:noNamespaceSchemaLocation="https://maven.apache.org/surefire/maven-surefire-plugin/xsd/surefire-test-report.xsd" version="3.0.2" name="com.rubenrf.cafeteria_app.CafeteriaAppApplicationTests" time="21.231" tests="12" errors="0" skipped="0" failures="0">
  <properties>
    <property name="java.specification.version" value="21"/>
    <property name="sun.cpu.isalist" value="amd64"/>
    <property name="sun.jnu.encoding" value="Cp1252"/>
    <property name="java.class.path" value="d:\Universidad\7 Semestre\Modelos de calidad de software\3 Corte\cafeteria-app\cafeteria-app\target\test-classes;d:\Universidad\7 Semestre\Modelos de calidad de software\3 Corte\cafeteria-app\cafeteria-app\target\classes;C:\Users\ruben\.m2\repository\org\springframework\boot\spring-boot-starter-data-jpa\3.4.5\spring-boot-starter-data-jpa-3.4.5.jar;C:\Users\ruben\.m2\repository\org\springframework\boot\spring-boot-starter\3.4.5\spring-boot-starter-3.4.5.jar;C:\Users\ruben\.m2\repository\org\springframework\boot\spring-boot\3.4.5\spring-boot-3.4.5.jar;C:\Users\ruben\.m2\repository\org\springframework\boot\spring-boot-starter-logging\3.4.5\spring-boot-starter-logging-3.4.5.jar;C:\Users\ruben\.m2\repository\ch\qos\logback\logback-classic\1.5.18\logback-classic-1.5.18.jar;C:\Users\ruben\.m2\repository\ch\qos\logback\logback-core\1.5.18\logback-core-1.5.18.jar;C:\Users\ruben\.m2\repository\org\apache\logging\log4j\log4j-to-slf4j\2.24.3\log4j-to-slf4j-2.24.3.jar;C:\Users\ruben\.m2\repository\org\apache\logging\log4j\log4j-api\2.24.3\log4j-api-2.24.3.jar;C:\Users\ruben\.m2\repository\org\slf4j\jul-to-slf4j\2.0.17\jul-to-slf4j-2.0.17.jar;C:\Users\ruben\.m2\repository\jakarta\annotation\jakarta.annotation-api\2.1.1\jakarta.annotation-api-2.1.1.jar;C:\Users\ruben\.m2\repository\org\yaml\snakeyaml\2.3\snakeyaml-2.3.jar;C:\Users\ruben\.m2\repository\org\springframework\boot\spring-boot-starter-jdbc\3.4.5\spring-boot-starter-jdbc-3.4.5.jar;C:\Users\ruben\.m2\repository\com\zaxxer\HikariCP\5.1.0\HikariCP-5.1.0.jar;C:\Users\ruben\.m2\repository\org\springframework\spring-jdbc\6.2.6\spring-jdbc-6.2.6.jar;C:\Users\ruben\.m2\repository\org\hibernate\orm\hibernate-core\6.6.13.Final\hibernate-core-6.6.13.Final.jar;C:\Users\ruben\.m2\repository\jakarta\persistence\jakarta.persistence-api\3.1.0\jakarta.persistence-api-3.1.0.jar;C:\Users\ruben\.m2\repository\jakarta\transaction\jakarta.transaction-api\2.0.1\jakarta.transaction-api-2.0.1.jar;C:\Users\ruben\.m2\repository\org\jboss\logging\jboss-logging\3.6.1.Final\jboss-logging-3.6.1.Final.jar;C:\Users\ruben\.m2\repository\org\hibernate\common\hibernate-commons-annotations\7.0.3.Final\hibernate-commons-annotations-7.0.3.Final.jar;C:\Users\ruben\.m2\repository\io\smallrye\jandex\3.2.0\jandex-3.2.0.jar;C:\Users\ruben\.m2\repository\com\fasterxml\classmate\1.7.0\classmate-1.7.0.jar;C:\Users\ruben\.m2\repository\net\bytebuddy\byte-buddy\1.15.11\byte-buddy-1.15.11.jar;C:\Users\ruben\.m2\repository\org\glassfish\jaxb\jaxb-runtime\4.0.5\jaxb-runtime-4.0.5.jar;C:\Users\ruben\.m2\repository\org\glassfish\jaxb\jaxb-core\4.0.5\jaxb-core-4.0.5.jar;C:\Users\ruben\.m2\repository\org\eclipse\angus\angus-activation\2.0.2\angus-activation-2.0.2.jar;C:\Users\ruben\.m2\repository\org\glassfish\jaxb\txw2\4.0.5\txw2-4.0.5.jar;C:\Users\ruben\.m2\repository\com\sun\istack\istack-commons-runtime\4.1.2\istack-commons-runtime-4.1.2.jar;C:\Users\ruben\.m2\repository\jakarta\inject\jakarta.inject-api\2.0.1\jakarta.inject-api-2.0.1.jar;C:\Users\ruben\.m2\repository\org\antlr\antlr4-runtime\4.13.0\antlr4-runtime-4.13.0.jar;C:\Users\ruben\.m2\repository\org\springframework\data\spring-data-jpa\3.4.5\spring-data-jpa-3.4.5.jar;C:\Users\ruben\.m2\repository\org\springframework\data\spring-data-commons\3.4.5\spring-data-commons-3.4.5.jar;C:\Users\ruben\.m2\repository\org\springframework\spring-orm\6.2.6\spring-orm-6.2.6.jar;C:\Users\ruben\.m2\repository\org\springframework\spring-context\6.2.6\spring-context-6.2.6.jar;C:\Users\ruben\.m2\repository\org\springframework\spring-aop\6.2.6\spring-aop-6.2.6.jar;C:\Users\ruben\.m2\repository\org\springframework\spring-tx\6.2.6\spring-tx-6.2.6.jar;C:\Users\ruben\.m2\repository\org\springframework\spring-beans\6.2.6\spring-beans-6.2.6.jar;C:\Users\ruben\.m2\repository\org\slf4j\slf4j-api\2.0.17\slf4j-api-2.0.17.jar;C:\Users\ruben\.m2\repository\org\springframework\spring-aspects\6.2.6\spring-aspects-6.2.6.jar;C:\Users\ruben\.m2\repository\org\aspectj\aspectjweaver\1.9.24\aspectjweaver-1.9.24.jar;C:\Users\ruben\.m2\repository\org\springframework\boot\spring-boot-starter-validation\3.4.5\spring-boot-starter-validation-3.4.5.jar;C:\Users\ruben\.m2\repository\org\apache\tomcat\embed\tomcat-embed-el\10.1.40\tomcat-embed-el-10.1.40.jar;C:\Users\ruben\.m2\repository\org\hibernate\validator\hibernate-validator\8.0.2.Final\hibernate-validator-8.0.2.Final.jar;C:\Users\ruben\.m2\repository\jakarta\validation\jakarta.validation-api\3.0.2\jakarta.validation-api-3.0.2.jar;C:\Users\ruben\.m2\repository\org\springframework\boot\spring-boot-starter-web\3.4.5\spring-boot-starter-web-3.4.5.jar;C:\Users\ruben\.m2\repository\org\springframework\boot\spring-boot-starter-json\3.4.5\spring-boot-starter-json-3.4.5.jar;C:\Users\ruben\.m2\repository\com\fasterxml\jackson\core\jackson-databind\2.18.3\jackson-databind-2.18.3.jar;C:\Users\ruben\.m2\repository\com\fasterxml\jackson\datatype\jackson-datatype-jdk8\2.18.3\jackson-datatype-jdk8-2.18.3.jar;C:\Users\ruben\.m2\repository\com\fasterxml\jackson\module\jackson-module-parameter-names\2.18.3\jackson-module-parameter-names-2.18.3.jar;C:\Users\ruben\.m2\repository\org\springframework\boot\spring-boot-starter-tomcat\3.4.5\spring-boot-starter-tomcat-3.4.5.jar;C:\Users\ruben\.m2\repository\org\apache\tomcat\embed\tomcat-embed-core\10.1.40\tomcat-embed-core-10.1.40.jar;C:\Users\ruben\.m2\repository\org\apache\tomcat\embed\tomcat-embed-websocket\10.1.40\tomcat-embed-websocket-10.1.40.jar;C:\Users\ruben\.m2\repository\org\springframework\spring-web\6.2.6\spring-web-6.2.6.jar;C:\Users\ruben\.m2\repository\io\micrometer\micrometer-observation\1.14.6\micrometer-observation-1.14.6.jar;C:\Users\ruben\.m2\repository\io\micrometer\micrometer-commons\1.14.6\micrometer-commons-1.14.6.jar;C:\Users\ruben\.m2\repository\org\springframework\spring-webmvc\6.2.6\spring-webmvc-6.2.6.jar;C:\Users\ruben\.m2\repository\org\springframework\spring-expression\6.2.6\spring-expression-6.2.6.jar;C:\Users\ruben\.m2\repository\org\flywaydb\flyway-core\10.20.1\flyway-core-10.20.1.jar;C:\Users\ruben\.m2\repository\com\fasterxml\jackson\dataformat\jackson-dataformat-toml\2.18.3\jackson-dataformat-toml-2.18.3.jar;C:\Users\ruben\.m2\repository\com\fasterxml\jackson\core\jackson-core\2.18.3\jackson-core-2.18.3.jar;C:\Users\ruben\.m2\repository\com\fasterxml\jackson\datatype\jackson-datatype-jsr310\2.18.3\jackson-datatype-jsr310-2.18.3.jar;C:\Users\ruben\.m2\repository\com\fasterxml\jackson\core\jackson-annotations\2.18.3\jackson-annotations-2.18.3.jar;C:\Users\ruben\.m2\repository\org\flywaydb\flyway-mysql\10.20.1\flyway-mysql-10.20.1.jar;C:\Users\ruben\.m2\repository\org\springframework\cloud\spring-cloud-starter-circuitbreaker-resilience4j\3.2.1\spring-cloud-starter-circuitbreaker-resilience4j-3.2.1.jar;C:\Users\ruben\.m2\repository\org\springframework\cloud\spring-cloud-starter\4.2.1\spring-cloud-starter-4.2.1.jar;C:\Users\ruben\.m2\repository\org\springframework\cloud\spring-cloud-context\4.2.1\spring-cloud-context-4.2.1.jar;C:\Users\ruben\.m2\repository\org\springframework\security\spring-security-crypto\6.4.5\spring-security-crypto-6.4.5.jar;C:\Users\ruben\.m2\repository\org\springframework\cloud\spring-cloud-commons\4.2.1\spring-cloud-commons-4.2.1.jar;C:\Users\ruben\.m2\repository\org\bouncycastle\bcprov-jdk18on\1.78.1\bcprov-jdk18on-1.78.1.jar;C:\Users\ruben\.m2\repository\org\springframework\cloud\spring-cloud-circuitbreaker-resilience4j\3.2.1\spring-cloud-circuitbreaker-resilience4j-3.2.1.jar;C:\Users\ruben\.m2\repository\io\github\resilience4j\resilience4j-spring-boot3\2.2.0\resilience4j-spring-boot3-2.2.0.jar;C:\Users\ruben\.m2\repository\io\github\resilience4j\resilience4j-spring6\2.2.0\resilience4j-spring6-2.2.0.jar;C:\Users\ruben\.m2\repository\io\github\resilience4j\resilience4j-annotations\2.2.0\resilience4j-annotations-2.2.0.jar;C:\Users\ruben\.m2\repository\io\github\resilience4j\resilience4j-consumer\2.2.0\resilience4j-consumer-2.2.0.jar;C:\Users\ruben\.m2\repository\io\github\resilience4j\resilience4j-circularbuffer\2.2.0\resilience4j-circularbuffer-2.2.0.jar;C:\Users\ruben\.m2\repository\io\github\resilience4j\resilience4j-framework-common\2.2.0\resilience4j-framework-common-2.2.0.jar;C:\Users\ruben\.m2\repository\io\github\resilience4j\resilience4j-micrometer\2.2.0\resilience4j-micrometer-2.2.0.jar;C:\Users\ruben\.m2\repository\io\micrometer\micrometer-core\1.14.6\micrometer-core-1.14.6.jar;C:\Users\ruben\.m2\repository\org\hdrhistogram\HdrHistogram\2.2.2\HdrHistogram-2.2.2.jar;C:\Users\ruben\.m2\repository\org\latencyutils\LatencyUtils\2.0.3\LatencyUtils-2.0.3.jar;C:\Users\ruben\.m2\repository\io\github\resilience4j\resilience4j-retry\2.2.0\resilience4j-retry-2.2.0.jar;C:\Users\ruben\.m2\repository\io\github\resilience4j\resilience4j-ratelimiter\2.2.0\resilience4j-ratelimiter-2.2.0.jar;C:\Users\ruben\.m2\repository\org\springframework\boot\spring-boot-configuration-processor\3.4.5\spring-boot-configuration-processor-3.4.5.jar;C:\Users\ruben\.m2\repository\io\github\resilience4j\resilience4j-circuitbreaker\2.2.0\resilience4j-circuitbreaker-2.2.0.jar;C:\Users\ruben\.m2\repository\io\github\resilience4j\resilience4j-core\2.2.0\resilience4j-core-2.2.0.jar;C:\Users\ruben\.m2\repository\io\github\resilience4j\resilience4j-timelimiter\2.2.0\resilience4j-timelimiter-2.2.0.jar;C:\Users\ruben\.m2\repository\com\mysql\mysql-connector-j\9.1.0\mysql-connector-j-9.1.0.jar;C:\Users\ruben\.m2\repository\org\projectlombok\lombok\1.18.38\lombok-1.18.38.jar;C:\Users\ruben\.m2\repository\org\springframework\boot\spring-boot-starter-test\3.4.5\spring-boot-starter-test-3.4.5.jar;C:\Users\ruben\.m2\repository\org\springframework\boot\spring-boot-test\3.4.5\spring-boot-test-3.4.5.jar;C:\Users\ruben\.m2\repository\org\springframework\boot\spring-boot-test-autoconfigure\3.4.5\spring-boot-test-autoconfigure-3.4.5.jar;C:\Users\ruben\.m2\repository\com\jayway\jsonpath\json-path\2.9.0\json-path-2.9.0.jar;C:\Users\ruben\.m2\repository\jakarta\xml\bind\jakarta.xml.bind-api\4.0.2\jakarta.xml.bind-api-4.0.2.jar;C:\Users\ruben\.m2\repository\jakarta\activation\jakarta.activation-api\2.1.3\jakarta.activation-api-2.1.3.jar;C:\Users\ruben\.m2\repository\net\minidev\json-smart\2.5.2\json-smart-2.5.2.jar;C:\Users\ruben\.m2\repository\net\minidev\accessors-smart\2.5.2\accessors-smart-2.5.2.jar;C:\Users\ruben\.m2\repository\org\ow2\asm\asm\9.7.1\asm-9.7.1.jar;C:\Users\ruben\.m2\repository\org\assertj\assertj-core\3.26.3\assertj-core-3.26.3.jar;C:\Users\ruben\.m2\repository\org\awaitility\awaitility\4.2.2\awaitility-4.2.2.jar;C:\Users\ruben\.m2\repository\org\hamcrest\hamcrest\2.2\hamcrest-2.2.jar;C:\Users\ruben\.m2\repository\org\junit\jupiter\junit-jupiter\5.11.4\junit-jupiter-5.11.4.jar;C:\Users\ruben\.m2\repository\org\junit\jupiter\junit-jupiter-api\5.11.4\junit-jupiter-api-5.11.4.jar;C:\Users\ruben\.m2\repository\org\opentest4j\opentest4j\1.3.0\opentest4j-1.3.0.jar;C:\Users\ruben\.m2\repository\org\junit\platform\junit-platform-commons\1.11.4\junit-platform-commons-1.11.4.jar;C:\Users\ruben\.m2\repository\org\apiguardian\apiguardian-api\1.1.2\apiguardian-api-1.1.2.jar;C:\Users\ruben\.m2\repository\org\junit\jupiter\junit-jupiter-params\5.11.4\junit-jupiter-params-5.11.4.jar;C:\Users\ruben\.m2\repository\org\junit\jupiter\junit-jupiter-engine\5.11.4\junit-jupiter-engine-5.11.4.jar;C:\Users\ruben\.m2\repository\org\junit\platform\junit-platform-engine\1.11.4\junit-platform-engine-1.11.4.jar;C:\Users\ruben\.m2\repository\org\mockito\mockito-core\5.14.2\mockito-core-5.14.2.jar;C:\Users\ruben\.m2\repository\net\bytebuddy\byte-buddy-agent\1.15.11\byte-buddy-agent-1.15.11.jar;C:\Users\ruben\.m2\repository\org\objenesis\objenesis\3.3\objenesis-3.3.jar;C:\Users\ruben\.m2\repository\org\mockito\mockito-junit-jupiter\5.14.2\mockito-junit-jupiter-5.14.2.jar;C:\Users\ruben\.m2\repository\org\skyscreamer\jsonassert\1.5.3\jsonassert-1.5.3.jar;C:\Users\ruben\.m2\repository\com\vaadin\external\google\android-json\0.0.20131108.vaadin1\android-json-0.0.20131108.vaadin1.jar;C:\Users\ruben\.m2\repository\org\springframework\spring-core\6.2.6\spring-core-6.2.6.jar;C:\Users\ruben\.m2\repository\org\springframework\spring-jcl\6.2.6\spring-jcl-6.2.6.jar;C:\Users\ruben\.m2\repository\org\springframework\spring-test\6.2.6\spring-test-6.2.6.jar;C:\Users\ruben\.m2\repository\org\xmlunit\xmlunit-core\2.10.0\xmlunit-core-2.10.0.jar;C:\Users\ruben\.m2\repository\org\springframework\boot\spring-boot-testcontainers\3.4.5\spring-boot-testcontainers-3.4.5.jar;C:\Users\ruben\.m2\repository\org\springframework\boot\spring-boot-autoconfigure\3.4.5\spring-boot-autoconfigure-3.4.5.jar;C:\Users\ruben\.m2\repository\org\testcontainers\testcontainers\1.20.6\testcontainers-1.20.6.jar;C:\Users\ruben\.m2\repository\junit\junit\4.13.2\junit-4.13.2.jar;C:\Users\ruben\.m2\repository\org\hamcrest\hamcrest-core\2.2\hamcrest-core-2.2.jar;C:\Users\ruben\.m2\repository\org\apache\commons\commons-compress\1.24.0\commons-compress-1.24.0.jar;C:\Users\ruben\.m2\repository\org\rnorth\duct-tape\duct-tape\1.0.8\duct-tape-1.0.8.jar;C:\Users\ruben\.m2\repository\org\jetbrains\annotations\17.0.0\annotations-17.0.0.jar;C:\Users\ruben\.m2\repository\com\github\docker-java\docker-java-api\3.4.1\docker-java-api-3.4.1.jar;C:\Users\ruben\.m2\repository\com\github\docker-java\docker-java-transport-zerodep\3.4.1\docker-java-transport-zerodep-3.4.1.jar;C:\Users\ruben\.m2\repository\com\github\docker-java\docker-java-transport\3.4.1\docker-java-transport-3.4.1.jar;C:\Users\ruben\.m2\repository\net\java\dev\jna\jna\5.13.0\jna-5.13.0.jar;C:\Users\ruben\.m2\repository\org\testcontainers\junit-jupiter\1.20.6\junit-jupiter-1.20.6.jar;C:\Users\ruben\.m2\repository\org\testcontainers\mysql\1.20.6\mysql-1.20.6.jar;C:\Users\ruben\.m2\repository\org\testcontainers\jdbc\1.20.6\jdbc-1.20.6.jar;C:\Users\ruben\.m2\repository\org\testcontainers\database-commons\1.20.6\database-commons-1.20.6.jar;C:\Users\ruben\.m2\repository\io\rest-assured\rest-assured\5.3.2\rest-assured-5.3.2.jar;C:\Users\ruben\.m2\repository\org\apache\groovy\groovy\4.0.26\groovy-4.0.26.jar;C:\Users\ruben\.m2\repository\org\apache\groovy\groovy-xml\4.0.26\groovy-xml-4.0.26.jar;C:\Users\ruben\.m2\repository\org\apache\httpcomponents\httpclient\4.5.13\httpclient-4.5.13.jar;C:\Users\ruben\.m2\repository\org\apache\httpcomponents\httpcore\4.4.16\httpcore-4.4.16.jar;C:\Users\ruben\.m2\repository\commons-logging\commons-logging\1.2\commons-logging-1.2.jar;C:\Users\ruben\.m2\repository\commons-codec\commons-codec\1.17.2\commons-codec-1.17.2.jar;C:\Users\ruben\.m2\repository\org\apache\httpcomponents\httpmime\4.5.13\httpmime-4.5.13.jar;C:\Users\ruben\.m2\repository\org\ccil\cowan\tagsoup\tagsoup\1.2.1\tagsoup-1.2.1.jar;C:\Users\ruben\.m2\repository\io\rest-assured\json-path\5.5.1\json-path-5.5.1.jar;C:\Users\ruben\.m2\repository\org\apache\groovy\groovy-json\4.0.26\groovy-json-4.0.26.jar;C:\Users\ruben\.m2\repository\io\rest-assured\rest-assured-common\5.5.1\rest-assured-common-5.5.1.jar;C:\Users\ruben\.m2\repository\io\rest-assured\xml-path\5.5.1\xml-path-5.5.1.jar;C:\Users\ruben\.m2\repository\org\apache\commons\commons-lang3\3.17.0\commons-lang3-3.17.0.jar;C:\Users\ruben\.m2\repository\org\springdoc\springdoc-openapi-starter-webmvc-ui\2.8.5\springdoc-openapi-starter-webmvc-ui-2.8.5.jar;C:\Users\ruben\.m2\repository\org\webjars\swagger-ui\5.18.3\swagger-ui-5.18.3.jar;C:\Users\ruben\.m2\repository\org\webjars\webjars-locator-lite\1.0.1\webjars-locator-lite-1.0.1.jar;C:\Users\ruben\.m2\repository\org\jspecify\jspecify\1.0.0\jspecify-1.0.0.jar;C:\Users\ruben\.m2\repository\org\springdoc\springdoc-openapi-starter-webmvc-api\2.8.5\springdoc-openapi-starter-webmvc-api-2.8.5.jar;C:\Users\ruben\.m2\repository\org\springdoc\springdoc-openapi-starter-common\2.8.5\springdoc-openapi-starter-common-2.8.5.jar;C:\Users\ruben\.m2\repository\io\swagger\core\v3\swagger-core-jakarta\2.2.28\swagger-core-jakarta-2.2.28.jar;C:\Users\ruben\.m2\repository\io\swagger\core\v3\swagger-annotations-jakarta\2.2.28\swagger-annotations-jakarta-2.2.28.jar;C:\Users\ruben\.m2\repository\io\swagger\core\v3\swagger-models-jakarta\2.2.28\swagger-models-jakarta-2.2.28.jar;C:\Users\ruben\.m2\repository\com\fasterxml\jackson\dataformat\jackson-dataformat-yaml\2.18.3\jackson-dataformat-yaml-2.18.3.jar;C:\Users\ruben\.m2\repository\org\springframework\cloud\spring-cloud-starter-contract-stub-runner\4.2.1\spring-cloud-starter-contract-stub-runner-4.2.1.jar;C:\Users\ruben\.m2\repository\org\springframework\cloud\spring-cloud-contract-stub-runner\4.2.1\spring-cloud-contract-stub-runner-4.2.1.jar;C:\Users\ruben\.m2\repository\org\springframework\cloud\spring-cloud-contract-verifier\4.2.1\spring-cloud-contract-verifier-4.2.1.jar;C:\Users\ruben\.m2\repository\org\apache\commons\commons-text\1.11.0\commons-text-1.11.0.jar;C:\Users\ruben\.m2\repository\javax\inject\javax.inject\1\javax.inject-1.jar;C:\Users\ruben\.m2\repository\com\toomuchcoding\jsonassert\jsonassert\0.8.0\jsonassert-0.8.0.jar;C:\Users\ruben\.m2\repository\com\rackspace\eclipse\webtools\sourceediting\org.eclipse.wst.xml.xpath2.processor\2.1.100\org.eclipse.wst.xml.xpath2.processor-2.1.100.jar;C:\Users\ruben\.m2\repository\edu\princeton\cup\java-cup\10k\java-cup-10k.jar;C:\Users\ruben\.m2\repository\com\ibm\icu\icu4j\4.6\icu4j-4.6.jar;C:\Users\ruben\.m2\repository\org\apache\groovy\groovy-nio\4.0.26\groovy-nio-4.0.26.jar;C:\Users\ruben\.m2\repository\com\github\jknack\handlebars\4.3.1\handlebars-4.3.1.jar;C:\Users\ruben\.m2\repository\commons-beanutils\commons-beanutils\1.9.4\commons-beanutils-1.9.4.jar;C:\Users\ruben\.m2\repository\commons-collections\commons-collections\3.2.2\commons-collections-3.2.2.jar;C:\Users\ruben\.m2\repository\net\javacrumbs\json-unit\json-unit-assertj\2.38.0\json-unit-assertj-2.38.0.jar;C:\Users\ruben\.m2\repository\net\javacrumbs\json-unit\json-unit-core\2.38.0\json-unit-core-2.38.0.jar;C:\Users\ruben\.m2\repository\net\javacrumbs\json-unit\json-unit-json-path\2.38.0\json-unit-json-path-2.38.0.jar;C:\Users\ruben\.m2\repository\org\springframework\cloud\spring-cloud-contract-shade\4.2.1\spring-cloud-contract-shade-4.2.1.jar;C:\Users\ruben\.m2\repository\org\springframework\cloud\spring-cloud-contract-converters\4.2.1\spring-cloud-contract-converters-4.2.1.jar;C:\Users\ruben\.m2\repository\org\springframework\cloud\spring-cloud-contract-spec\4.2.1\spring-cloud-contract-spec-4.2.1.jar;C:\Users\ruben\.m2\repository\org\springframework\cloud\spring-cloud-contract-spec-java\4.2.1\spring-cloud-contract-spec-java-4.2.1.jar;C:\Users\ruben\.m2\repository\dk\brics\automaton\1.12-4\automaton-1.12-4.jar;C:\Users\ruben\.m2\repository\org\springframework\cloud\spring-cloud-contract-spec-groovy\4.2.1\spring-cloud-contract-spec-groovy-4.2.1.jar;C:\Users\ruben\.m2\repository\org\eclipse\jgit\org.eclipse.jgit\6.10.0.202406032230-r\org.eclipse.jgit-6.10.0.202406032230-r.jar;C:\Users\ruben\.m2\repository\com\googlecode\javaewah\JavaEWAH\1.2.3\JavaEWAH-1.2.3.jar;C:\Users\ruben\.m2\repository\org\eclipse\jgit\org.eclipse.jgit.ssh.jsch\6.7.0.202309050840-r\org.eclipse.jgit.ssh.jsch-6.7.0.202309050840-r.jar;C:\Users\ruben\.m2\repository\com\jcraft\jsch\0.1.55\jsch-0.1.55.jar;C:\Users\ruben\.m2\repository\com\jcraft\jzlib\1.1.3\jzlib-1.1.3.jar;C:\Users\ruben\.m2\repository\com\jcraft\jsch.agentproxy.sshagent\0.0.9\jsch.agentproxy.sshagent-0.0.9.jar;C:\Users\ruben\.m2\repository\com\jcraft\jsch.agentproxy.core\0.0.9\jsch.agentproxy.core-0.0.9.jar;C:\Users\ruben\.m2\repository\com\jcraft\jsch.agentproxy.jsch\0.0.9\jsch.agentproxy.jsch-0.0.9.jar;C:\Users\ruben\.m2\repository\com\jcraft\jsch.agentproxy.usocket-jna\0.0.9\jsch.agentproxy.usocket-jna-0.0.9.jar;C:\Users\ruben\.m2\repository\net\java\dev\jna\jna-platform\4.1.0\jna-platform-4.1.0.jar;C:\Users\ruben\.m2\repository\org\springframework\cloud\spring-cloud-contract-wiremock\4.2.1\spring-cloud-contract-wiremock-4.2.1.jar;C:\Users\ruben\.m2\repository\com\github\tomakehurst\wiremock-jre8-standalone\2.35.1\wiremock-jre8-standalone-2.35.1.jar;C:\Users\ruben\.m2\repository\org\apache\httpcomponents\client5\httpclient5\5.4.3\httpclient5-5.4.3.jar;C:\Users\ruben\.m2\repository\org\apache\httpcomponents\core5\httpcore5\5.3.4\httpcore5-5.3.4.jar;C:\Users\ruben\.m2\repository\org\apache\httpcomponents\core5\httpcore5-h2\5.3.4\httpcore5-h2-5.3.4.jar;C:\Users\ruben\.m2\repository\org\springframework\cloud\spring-cloud-test-support\4.2.1\spring-cloud-test-support-4.2.1.jar;C:\Users\ruben\.m2\repository\org\apache\maven\resolver\maven-resolver-connector-basic\1.9.22\maven-resolver-connector-basic-1.9.22.jar;C:\Users\ruben\.m2\repository\org\apache\maven\resolver\maven-resolver-spi\1.9.22\maven-resolver-spi-1.9.22.jar;C:\Users\ruben\.m2\repository\org\apache\maven\resolver\maven-resolver-util\1.9.22\maven-resolver-util-1.9.22.jar;C:\Users\ruben\.m2\repository\org\apache\maven\resolver\maven-resolver-impl\1.9.22\maven-resolver-impl-1.9.22.jar;C:\Users\ruben\.m2\repository\org\apache\maven\resolver\maven-resolver-named-locks\1.9.22\maven-resolver-named-locks-1.9.22.jar;C:\Users\ruben\.m2\repository\org\apache\maven\maven-resolver-provider\3.9.9\maven-resolver-provider-3.9.9.jar;C:\Users\ruben\.m2\repository\org\apache\maven\maven-model\3.9.9\maven-model-3.9.9.jar;C:\Users\ruben\.m2\repository\org\apache\maven\maven-model-builder\3.9.9\maven-model-builder-3.9.9.jar;C:\Users\ruben\.m2\repository\org\codehaus\plexus\plexus-interpolation\1.27\plexus-interpolation-1.27.jar;C:\Users\ruben\.m2\repository\org\apache\maven\maven-artifact\3.9.9\maven-artifact-3.9.9.jar;C:\Users\ruben\.m2\repository\org\apache\maven\maven-builder-support\3.9.9\maven-builder-support-3.9.9.jar;C:\Users\ruben\.m2\repository\org\apache\maven\maven-repository-metadata\3.9.9\maven-repository-metadata-3.9.9.jar;C:\Users\ruben\.m2\repository\org\apache\maven\resolver\maven-resolver-transport-http\1.9.22\maven-resolver-transport-http-1.9.22.jar;C:\Users\ruben\.m2\repository\org\apache\maven\resolver\maven-resolver-api\1.9.18\maven-resolver-api-1.9.18.jar;C:\Users\ruben\.m2\repository\org\sonatype\sisu\sisu-inject-plexus\2.6.0\sisu-inject-plexus-2.6.0.jar;C:\Users\ruben\.m2\repository\org\codehaus\plexus\plexus-component-annotations\1.5.5\plexus-component-annotations-1.5.5.jar;C:\Users\ruben\.m2\repository\org\codehaus\plexus\plexus-classworlds\2.5.2\plexus-classworlds-2.5.2.jar;C:\Users\ruben\.m2\repository\org\codehaus\plexus\plexus-utils\3.0.18\plexus-utils-3.0.18.jar;C:\Users\ruben\.m2\repository\org\sonatype\sisu\sisu-inject-bean\2.6.0\sisu-inject-bean-2.6.0.jar;C:\Users\ruben\.m2\repository\javax\enterprise\cdi-api\1.0\cdi-api-1.0.jar;C:\Users\ruben\.m2\repository\javax\annotation\jsr250-api\1.0\jsr250-api-1.0.jar;C:\Users\ruben\.m2\repository\org\sonatype\sisu\sisu-guice\3.2.5\sisu-guice-3.2.5-no_aop.jar;C:\Users\ruben\.m2\repository\com\google\guava\guava\16.0.1\guava-16.0.1.jar;C:\Users\ruben\.m2\repository\org\eclipse\sisu\org.eclipse.sisu.inject\0.3.0\org.eclipse.sisu.inject-0.3.0.jar;C:\Users\ruben\.m2\repository\org\eclipse\sisu\org.eclipse.sisu.plexus\0.3.0\org.eclipse.sisu.plexus-0.3.0.jar;"/>
    <property name="java.vm.vendor" value="Oracle Corporation"/>
    <property name="sun.arch.data.model" value="64"/>
    <property name="user.variant" value=""/>
    <property name="catalina.useNaming" value="false"/>
    <property name="java.vendor.url" value="https://java.oracle.com/"/>
    <property name="user.timezone" value="America/Bogota"/>
    <property name="org.jboss.logging.provider" value="slf4j"/>
    <property name="user.country.format" value="CO"/>
    <property name="os.name" value="Windows 11"/>
    <property name="java.vm.specification.version" value="21"/>
    <property name="APPLICATION_NAME" value="cafeteria-app"/>
    <property name="sun.java.launcher" value="SUN_STANDARD"/>
    <property name="user.country" value="US"/>
    <property name="sun.boot.library.path" value="C:\Program Files\Java\jdk-21\bin"/>
    <property name="sun.java.command" value="C:\Users\ruben\AppData\Local\Temp\surefire17579330484495651215\surefirebooter-20250428174433329_3.jar C:\Users\ruben\AppData\Local\Temp\surefire17579330484495651215 2025-04-28T17-44-33_189-jvmRun1 surefire-20250428174433329_1tmp surefire_0-20250428174433329_2tmp"/>
    <property name="jdk.debug" value="release"/>
    <property name="surefire.test.class.path" value="d:\Universidad\7 Semestre\Modelos de calidad de software\3 Corte\cafeteria-app\cafeteria-app\target\test-classes;d:\Universidad\7 Semestre\Modelos de calidad de software\3 Corte\cafeteria-app\cafeteria-app\target\classes;C:\Users\ruben\.m2\repository\org\springframework\boot\spring-boot-starter-data-jpa\3.4.5\spring-boot-starter-data-jpa-3.4.5.jar;C:\Users\ruben\.m2\repository\org\springframework\boot\spring-boot-starter\3.4.5\spring-boot-starter-3.4.5.jar;C:\Users\ruben\.m2\repository\org\springframework\boot\spring-boot\3.4.5\spring-boot-3.4.5.jar;C:\Users\ruben\.m2\repository\org\springframework\boot\spring-boot-starter-logging\3.4.5\spring-boot-starter-logging-3.4.5.jar;C:\Users\ruben\.m2\repository\ch\qos\logback\logback-classic\1.5.18\logback-classic-1.5.18.jar;C:\Users\ruben\.m2\repository\ch\qos\logback\logback-core\1.5.18\logback-core-1.5.18.jar;C:\Users\ruben\.m2\repository\org\apache\logging\log4j\log4j-to-slf4j\2.24.3\log4j-to-slf4j-2.24.3.jar;C:\Users\ruben\.m2\repository\org\apache\logging\log4j\log4j-api\2.24.3\log4j-api-2.24.3.jar;C:\Users\ruben\.m2\repository\org\slf4j\jul-to-slf4j\2.0.17\jul-to-slf4j-2.0.17.jar;C:\Users\ruben\.m2\repository\jakarta\annotation\jakarta.annotation-api\2.1.1\jakarta.annotation-api-2.1.1.jar;C:\Users\ruben\.m2\repository\org\yaml\snakeyaml\2.3\snakeyaml-2.3.jar;C:\Users\ruben\.m2\repository\org\springframework\boot\spring-boot-starter-jdbc\3.4.5\spring-boot-starter-jdbc-3.4.5.jar;C:\Users\ruben\.m2\repository\com\zaxxer\HikariCP\5.1.0\HikariCP-5.1.0.jar;C:\Users\ruben\.m2\repository\org\springframework\spring-jdbc\6.2.6\spring-jdbc-6.2.6.jar;C:\Users\ruben\.m2\repository\org\hibernate\orm\hibernate-core\6.6.13.Final\hibernate-core-6.6.13.Final.jar;C:\Users\ruben\.m2\repository\jakarta\persistence\jakarta.persistence-api\3.1.0\jakarta.persistence-api-3.1.0.jar;C:\Users\ruben\.m2\repository\jakarta\transaction\jakarta.transaction-api\2.0.1\jakarta.transaction-api-2.0.1.jar;C:\Users\ruben\.m2\repository\org\jboss\logging\jboss-logging\3.6.1.Final\jboss-logging-3.6.1.Final.jar;C:\Users\ruben\.m2\repository\org\hibernate\common\hibernate-commons-annotations\7.0.3.Final\hibernate-commons-annotations-7.0.3.Final.jar;C:\Users\ruben\.m2\repository\io\smallrye\jandex\3.2.0\jandex-3.2.0.jar;C:\Users\ruben\.m2\repository\com\fasterxml\classmate\1.7.0\classmate-1.7.0.jar;C:\Users\ruben\.m2\repository\net\bytebuddy\byte-buddy\1.15.11\byte-buddy-1.15.11.jar;C:\Users\ruben\.m2\repository\org\glassfish\jaxb\jaxb-runtime\4.0.5\jaxb-runtime-4.0.5.jar;C:\Users\ruben\.m2\repository\org\glassfish\jaxb\jaxb-core\4.0.5\jaxb-core-4.0.5.jar;C:\Users\ruben\.m2\repository\org\eclipse\angus\angus-activation\2.0.2\angus-activation-2.0.2.jar;C:\Users\ruben\.m2\repository\org\glassfish\jaxb\txw2\4.0.5\txw2-4.0.5.jar;C:\Users\ruben\.m2\repository\com\sun\istack\istack-commons-runtime\4.1.2\istack-commons-runtime-4.1.2.jar;C:\Users\ruben\.m2\repository\jakarta\inject\jakarta.inject-api\2.0.1\jakarta.inject-api-2.0.1.jar;C:\Users\ruben\.m2\repository\org\antlr\antlr4-runtime\4.13.0\antlr4-runtime-4.13.0.jar;C:\Users\ruben\.m2\repository\org\springframework\data\spring-data-jpa\3.4.5\spring-data-jpa-3.4.5.jar;C:\Users\ruben\.m2\repository\org\springframework\data\spring-data-commons\3.4.5\spring-data-commons-3.4.5.jar;C:\Users\ruben\.m2\repository\org\springframework\spring-orm\6.2.6\spring-orm-6.2.6.jar;C:\Users\ruben\.m2\repository\org\springframework\spring-context\6.2.6\spring-context-6.2.6.jar;C:\Users\ruben\.m2\repository\org\springframework\spring-aop\6.2.6\spring-aop-6.2.6.jar;C:\Users\ruben\.m2\repository\org\springframework\spring-tx\6.2.6\spring-tx-6.2.6.jar;C:\Users\ruben\.m2\repository\org\springframework\spring-beans\6.2.6\spring-beans-6.2.6.jar;C:\Users\ruben\.m2\repository\org\slf4j\slf4j-api\2.0.17\slf4j-api-2.0.17.jar;C:\Users\ruben\.m2\repository\org\springframework\spring-aspects\6.2.6\spring-aspects-6.2.6.jar;C:\Users\ruben\.m2\repository\org\aspectj\aspectjweaver\1.9.24\aspectjweaver-1.9.24.jar;C:\Users\ruben\.m2\repository\org\springframework\boot\spring-boot-starter-validation\3.4.5\spring-boot-starter-validation-3.4.5.jar;C:\Users\ruben\.m2\repository\org\apache\tomcat\embed\tomcat-embed-el\10.1.40\tomcat-embed-el-10.1.40.jar;C:\Users\ruben\.m2\repository\org\hibernate\validator\hibernate-validator\8.0.2.Final\hibernate-validator-8.0.2.Final.jar;C:\Users\ruben\.m2\repository\jakarta\validation\jakarta.validation-api\3.0.2\jakarta.validation-api-3.0.2.jar;C:\Users\ruben\.m2\repository\org\springframework\boot\spring-boot-starter-web\3.4.5\spring-boot-starter-web-3.4.5.jar;C:\Users\ruben\.m2\repository\org\springframework\boot\spring-boot-starter-json\3.4.5\spring-boot-starter-json-3.4.5.jar;C:\Users\ruben\.m2\repository\com\fasterxml\jackson\core\jackson-databind\2.18.3\jackson-databind-2.18.3.jar;C:\Users\ruben\.m2\repository\com\fasterxml\jackson\datatype\jackson-datatype-jdk8\2.18.3\jackson-datatype-jdk8-2.18.3.jar;C:\Users\ruben\.m2\repository\com\fasterxml\jackson\module\jackson-module-parameter-names\2.18.3\jackson-module-parameter-names-2.18.3.jar;C:\Users\ruben\.m2\repository\org\springframework\boot\spring-boot-starter-tomcat\3.4.5\spring-boot-starter-tomcat-3.4.5.jar;C:\Users\ruben\.m2\repository\org\apache\tomcat\embed\tomcat-embed-core\10.1.40\tomcat-embed-core-10.1.40.jar;C:\Users\ruben\.m2\repository\org\apache\tomcat\embed\tomcat-embed-websocket\10.1.40\tomcat-embed-websocket-10.1.40.jar;C:\Users\ruben\.m2\repository\org\springframework\spring-web\6.2.6\spring-web-6.2.6.jar;C:\Users\ruben\.m2\repository\io\micrometer\micrometer-observation\1.14.6\micrometer-observation-1.14.6.jar;C:\Users\ruben\.m2\repository\io\micrometer\micrometer-commons\1.14.6\micrometer-commons-1.14.6.jar;C:\Users\ruben\.m2\repository\org\springframework\spring-webmvc\6.2.6\spring-webmvc-6.2.6.jar;C:\Users\ruben\.m2\repository\org\springframework\spring-expression\6.2.6\spring-expression-6.2.6.jar;C:\Users\ruben\.m2\repository\org\flywaydb\flyway-core\10.20.1\flyway-core-10.20.1.jar;C:\Users\ruben\.m2\repository\com\fasterxml\jackson\dataformat\jackson-dataformat-toml\2.18.3\jackson-dataformat-toml-2.18.3.jar;C:\Users\ruben\.m2\repository\com\fasterxml\jackson\core\jackson-core\2.18.3\jackson-core-2.18.3.jar;C:\Users\ruben\.m2\repository\com\fasterxml\jackson\datatype\jackson-datatype-jsr310\2.18.3\jackson-datatype-jsr310-2.18.3.jar;C:\Users\ruben\.m2\repository\com\fasterxml\jackson\core\jackson-annotations\2.18.3\jackson-annotations-2.18.3.jar;C:\Users\ruben\.m2\repository\org\flywaydb\flyway-mysql\10.20.1\flyway-mysql-10.20.1.jar;C:\Users\ruben\.m2\repository\org\springframework\cloud\spring-cloud-starter-circuitbreaker-resilience4j\3.2.1\spring-cloud-starter-circuitbreaker-resilience4j-3.2.1.jar;C:\Users\ruben\.m2\repository\org\springframework\cloud\spring-cloud-starter\4.2.1\spring-cloud-starter-4.2.1.jar;C:\Users\ruben\.m2\repository\org\springframework\cloud\spring-cloud-context\4.2.1\spring-cloud-context-4.2.1.jar;C:\Users\ruben\.m2\repository\org\springframework\security\spring-security-crypto\6.4.5\spring-security-crypto-6.4.5.jar;C:\Users\ruben\.m2\repository\org\springframework\cloud\spring-cloud-commons\4.2.1\spring-cloud-commons-4.2.1.jar;C:\Users\ruben\.m2\repository\org\bouncycastle\bcprov-jdk18on\1.78.1\bcprov-jdk18on-1.78.1.jar;C:\Users\ruben\.m2\repository\org\springframework\cloud\spring-cloud-circuitbreaker-resilience4j\3.2.1\spring-cloud-circuitbreaker-resilience4j-3.2.1.jar;C:\Users\ruben\.m2\repository\io\github\resilience4j\resilience4j-spring-boot3\2.2.0\resilience4j-spring-boot3-2.2.0.jar;C:\Users\ruben\.m2\repository\io\github\resilience4j\resilience4j-spring6\2.2.0\resilience4j-spring6-2.2.0.jar;C:\Users\ruben\.m2\repository\io\github\resilience4j\resilience4j-annotations\2.2.0\resilience4j-annotations-2.2.0.jar;C:\Users\ruben\.m2\repository\io\github\resilience4j\resilience4j-consumer\2.2.0\resilience4j-consumer-2.2.0.jar;C:\Users\ruben\.m2\repository\io\github\resilience4j\resilience4j-circularbuffer\2.2.0\resilience4j-circularbuffer-2.2.0.jar;C:\Users\ruben\.m2\repository\io\github\resilience4j\resilience4j-framework-common\2.2.0\resilience4j-framework-common-2.2.0.jar;C:\Users\ruben\.m2\repository\io\github\resilience4j\resilience4j-micrometer\2.2.0\resilience4j-micrometer-2.2.0.jar;C:\Users\ruben\.m2\repository\io\micrometer\micrometer-core\1.14.6\micrometer-core-1.14.6.jar;C:\Users\ruben\.m2\repository\org\hdrhistogram\HdrHistogram\2.2.2\HdrHistogram-2.2.2.jar;C:\Users\ruben\.m2\repository\org\latencyutils\LatencyUtils\2.0.3\LatencyUtils-2.0.3.jar;C:\Users\ruben\.m2\repository\io\github\resilience4j\resilience4j-retry\2.2.0\resilience4j-retry-2.2.0.jar;C:\Users\ruben\.m2\repository\io\github\resilience4j\resilience4j-ratelimiter\2.2.0\resilience4j-ratelimiter-2.2.0.jar;C:\Users\ruben\.m2\repository\org\springframework\boot\spring-boot-configuration-processor\3.4.5\spring-boot-configuration-processor-3.4.5.jar;C:\Users\ruben\.m2\repository\io\github\resilience4j\resilience4j-circuitbreaker\2.2.0\resilience4j-circuitbreaker-2.2.0.jar;C:\Users\ruben\.m2\repository\io\github\resilience4j\resilience4j-core\2.2.0\resilience4j-core-2.2.0.jar;C:\Users\ruben\.m2\repository\io\github\resilience4j\resilience4j-timelimiter\2.2.0\resilience4j-timelimiter-2.2.0.jar;C:\Users\ruben\.m2\repository\com\mysql\mysql-connector-j\9.1.0\mysql-connector-j-9.1.0.jar;C:\Users\ruben\.m2\repository\org\projectlombok\lombok\1.18.38\lombok-1.18.38.jar;C:\Users\ruben\.m2\repository\org\springframework\boot\spring-boot-starter-test\3.4.5\spring-boot-starter-test-3.4.5.jar;C:\Users\ruben\.m2\repository\org\springframework\boot\spring-boot-test\3.4.5\spring-boot-test-3.4.5.jar;C:\Users\ruben\.m2\repository\org\springframework\boot\spring-boot-test-autoconfigure\3.4.5\spring-boot-test-autoconfigure-3.4.5.jar;C:\Users\ruben\.m2\repository\com\jayway\jsonpath\json-path\2.9.0\json-path-2.9.0.jar;C:\Users\ruben\.m2\repository\jakarta\xml\bind\jakarta.xml.bind-api\4.0.2\jakarta.xml.bind-api-4.0.2.jar;C:\Users\ruben\.m2\repository\jakarta\activation\jakarta.activation-api\2.1.3\jakarta.activation-api-2.1.3.jar;C:\Users\ruben\.m2\repository\net\minidev\json-smart\2.5.2\json-smart-2.5.2.jar;C:\Users\ruben\.m2\repository\net\minidev\accessors-smart\2.5.2\accessors-smart-2.5.2.jar;C:\Users\ruben\.m2\repository\org\ow2\asm\asm\9.7.1\asm-9.7.1.jar;C:\Users\ruben\.m2\repository\org\assertj\assertj-core\3.26.3\assertj-core-3.26.3.jar;C:\Users\ruben\.m2\repository\org\awaitility\awaitility\4.2.2\awaitility-4.2.2.jar;C:\Users\ruben\.m2\repository\org\hamcrest\hamcrest\2.2\hamcrest-2.2.jar;C:\Users\ruben\.m2\repository\org\junit\jupiter\junit-jupiter\5.11.4\junit-jupiter-5.11.4.jar;C:\Users\ruben\.m2\repository\org\junit\jupiter\junit-jupiter-api\5.11.4\junit-jupiter-api-5.11.4.jar;C:\Users\ruben\.m2\repository\org\opentest4j\opentest4j\1.3.0\opentest4j-1.3.0.jar;C:\Users\ruben\.m2\repository\org\junit\platform\junit-platform-commons\1.11.4\junit-platform-commons-1.11.4.jar;C:\Users\ruben\.m2\repository\org\apiguardian\apiguardian-api\1.1.2\apiguardian-api-1.1.2.jar;C:\Users\ruben\.m2\repository\org\junit\jupiter\junit-jupiter-params\5.11.4\junit-jupiter-params-5.11.4.jar;C:\Users\ruben\.m2\repository\org\junit\jupiter\junit-jupiter-engine\5.11.4\junit-jupiter-engine-5.11.4.jar;C:\Users\ruben\.m2\repository\org\junit\platform\junit-platform-engine\1.11.4\junit-platform-engine-1.11.4.jar;C:\Users\ruben\.m2\repository\org\mockito\mockito-core\5.14.2\mockito-core-5.14.2.jar;C:\Users\ruben\.m2\repository\net\bytebuddy\byte-buddy-agent\1.15.11\byte-buddy-agent-1.15.11.jar;C:\Users\ruben\.m2\repository\org\objenesis\objenesis\3.3\objenesis-3.3.jar;C:\Users\ruben\.m2\repository\org\mockito\mockito-junit-jupiter\5.14.2\mockito-junit-jupiter-5.14.2.jar;C:\Users\ruben\.m2\repository\org\skyscreamer\jsonassert\1.5.3\jsonassert-1.5.3.jar;C:\Users\ruben\.m2\repository\com\vaadin\external\google\android-json\0.0.20131108.vaadin1\android-json-0.0.20131108.vaadin1.jar;C:\Users\ruben\.m2\repository\org\springframework\spring-core\6.2.6\spring-core-6.2.6.jar;C:\Users\ruben\.m2\repository\org\springframework\spring-jcl\6.2.6\spring-jcl-6.2.6.jar;C:\Users\ruben\.m2\repository\org\springframework\spring-test\6.2.6\spring-test-6.2.6.jar;C:\Users\ruben\.m2\repository\org\xmlunit\xmlunit-core\2.10.0\xmlunit-core-2.10.0.jar;C:\Users\ruben\.m2\repository\org\springframework\boot\spring-boot-testcontainers\3.4.5\spring-boot-testcontainers-3.4.5.jar;C:\Users\ruben\.m2\repository\org\springframework\boot\spring-boot-autoconfigure\3.4.5\spring-boot-autoconfigure-3.4.5.jar;C:\Users\ruben\.m2\repository\org\testcontainers\testcontainers\1.20.6\testcontainers-1.20.6.jar;C:\Users\ruben\.m2\repository\junit\junit\4.13.2\junit-4.13.2.jar;C:\Users\ruben\.m2\repository\org\hamcrest\hamcrest-core\2.2\hamcrest-core-2.2.jar;C:\Users\ruben\.m2\repository\org\apache\commons\commons-compress\1.24.0\commons-compress-1.24.0.jar;C:\Users\ruben\.m2\repository\org\rnorth\duct-tape\duct-tape\1.0.8\duct-tape-1.0.8.jar;C:\Users\ruben\.m2\repository\org\jetbrains\annotations\17.0.0\annotations-17.0.0.jar;C:\Users\ruben\.m2\repository\com\github\docker-java\docker-java-api\3.4.1\docker-java-api-3.4.1.jar;C:\Users\ruben\.m2\repository\com\github\docker-java\docker-java-transport-zerodep\3.4.1\docker-java-transport-zerodep-3.4.1.jar;C:\Users\ruben\.m2\repository\com\github\docker-java\docker-java-transport\3.4.1\docker-java-transport-3.4.1.jar;C:\Users\ruben\.m2\repository\net\java\dev\jna\jna\5.13.0\jna-5.13.0.jar;C:\Users\ruben\.m2\repository\org\testcontainers\junit-jupiter\1.20.6\junit-jupiter-1.20.6.jar;C:\Users\ruben\.m2\repository\org\testcontainers\mysql\1.20.6\mysql-1.20.6.jar;C:\Users\ruben\.m2\repository\org\testcontainers\jdbc\1.20.6\jdbc-1.20.6.jar;C:\Users\ruben\.m2\repository\org\testcontainers\database-commons\1.20.6\database-commons-1.20.6.jar;C:\Users\ruben\.m2\repository\io\rest-assured\rest-assured\5.3.2\rest-assured-5.3.2.jar;C:\Users\ruben\.m2\repository\org\apache\groovy\groovy\4.0.26\groovy-4.0.26.jar;C:\Users\ruben\.m2\repository\org\apache\groovy\groovy-xml\4.0.26\groovy-xml-4.0.26.jar;C:\Users\ruben\.m2\repository\org\apache\httpcomponents\httpclient\4.5.13\httpclient-4.5.13.jar;C:\Users\ruben\.m2\repository\org\apache\httpcomponents\httpcore\4.4.16\httpcore-4.4.16.jar;C:\Users\ruben\.m2\repository\commons-logging\commons-logging\1.2\commons-logging-1.2.jar;C:\Users\ruben\.m2\repository\commons-codec\commons-codec\1.17.2\commons-codec-1.17.2.jar;C:\Users\ruben\.m2\repository\org\apache\httpcomponents\httpmime\4.5.13\httpmime-4.5.13.jar;C:\Users\ruben\.m2\repository\org\ccil\cowan\tagsoup\tagsoup\1.2.1\tagsoup-1.2.1.jar;C:\Users\ruben\.m2\repository\io\rest-assured\json-path\5.5.1\json-path-5.5.1.jar;C:\Users\ruben\.m2\repository\org\apache\groovy\groovy-json\4.0.26\groovy-json-4.0.26.jar;C:\Users\ruben\.m2\repository\io\rest-assured\rest-assured-common\5.5.1\rest-assured-common-5.5.1.jar;C:\Users\ruben\.m2\repository\io\rest-assured\xml-path\5.5.1\xml-path-5.5.1.jar;C:\Users\ruben\.m2\repository\org\apache\commons\commons-lang3\3.17.0\commons-lang3-3.17.0.jar;C:\Users\ruben\.m2\repository\org\springdoc\springdoc-openapi-starter-webmvc-ui\2.8.5\springdoc-openapi-starter-webmvc-ui-2.8.5.jar;C:\Users\ruben\.m2\repository\org\webjars\swagger-ui\5.18.3\swagger-ui-5.18.3.jar;C:\Users\ruben\.m2\repository\org\webjars\webjars-locator-lite\1.0.1\webjars-locator-lite-1.0.1.jar;C:\Users\ruben\.m2\repository\org\jspecify\jspecify\1.0.0\jspecify-1.0.0.jar;C:\Users\ruben\.m2\repository\org\springdoc\springdoc-openapi-starter-webmvc-api\2.8.5\springdoc-openapi-starter-webmvc-api-2.8.5.jar;C:\Users\ruben\.m2\repository\org\springdoc\springdoc-openapi-starter-common\2.8.5\springdoc-openapi-starter-common-2.8.5.jar;C:\Users\ruben\.m2\repository\io\swagger\core\v3\swagger-core-jakarta\2.2.28\swagger-core-jakarta-2.2.28.jar;C:\Users\ruben\.m2\repository\io\swagger\core\v3\swagger-annotations-jakarta\2.2.28\swagger-annotations-jakarta-2.2.28.jar;C:\Users\ruben\.m2\repository\io\swagger\core\v3\swagger-models-jakarta\2.2.28\swagger-models-jakarta-2.2.28.jar;C:\Users\ruben\.m2\repository\com\fasterxml\jackson\dataformat\jackson-dataformat-yaml\2.18.3\jackson-dataformat-yaml-2.18.3.jar;C:\Users\ruben\.m2\repository\org\springframework\cloud\spring-cloud-starter-contract-stub-runner\4.2.1\spring-cloud-starter-contract-stub-runner-4.2.1.jar;C:\Users\ruben\.m2\repository\org\springframework\cloud\spring-cloud-contract-stub-runner\4.2.1\spring-cloud-contract-stub-runner-4.2.1.jar;C:\Users\ruben\.m2\repository\org\springframework\cloud\spring-cloud-contract-verifier\4.2.1\spring-cloud-contract-verifier-4.2.1.jar;C:\Users\ruben\.m2\repository\org\apache\commons\commons-text\1.11.0\commons-text-1.11.0.jar;C:\Users\ruben\.m2\repository\javax\inject\javax.inject\1\javax.inject-1.jar;C:\Users\ruben\.m2\repository\com\toomuchcoding\jsonassert\jsonassert\0.8.0\jsonassert-0.8.0.jar;C:\Users\ruben\.m2\repository\com\rackspace\eclipse\webtools\sourceediting\org.eclipse.wst.xml.xpath2.processor\2.1.100\org.eclipse.wst.xml.xpath2.processor-2.1.100.jar;C:\Users\ruben\.m2\repository\edu\princeton\cup\java-cup\10k\java-cup-10k.jar;C:\Users\ruben\.m2\repository\com\ibm\icu\icu4j\4.6\icu4j-4.6.jar;C:\Users\ruben\.m2\repository\org\apache\groovy\groovy-nio\4.0.26\groovy-nio-4.0.26.jar;C:\Users\ruben\.m2\repository\com\github\jknack\handlebars\4.3.1\handlebars-4.3.1.jar;C:\Users\ruben\.m2\repository\commons-beanutils\commons-beanutils\1.9.4\commons-beanutils-1.9.4.jar;C:\Users\ruben\.m2\repository\commons-collections\commons-collections\3.2.2\commons-collections-3.2.2.jar;C:\Users\ruben\.m2\repository\net\javacrumbs\json-unit\json-unit-assertj\2.38.0\json-unit-assertj-2.38.0.jar;C:\Users\ruben\.m2\repository\net\javacrumbs\json-unit\json-unit-core\2.38.0\json-unit-core-2.38.0.jar;C:\Users\ruben\.m2\repository\net\javacrumbs\json-unit\json-unit-json-path\2.38.0\json-unit-json-path-2.38.0.jar;C:\Users\ruben\.m2\repository\org\springframework\cloud\spring-cloud-contract-shade\4.2.1\spring-cloud-contract-shade-4.2.1.jar;C:\Users\ruben\.m2\repository\org\springframework\cloud\spring-cloud-contract-converters\4.2.1\spring-cloud-contract-converters-4.2.1.jar;C:\Users\ruben\.m2\repository\org\springframework\cloud\spring-cloud-contract-spec\4.2.1\spring-cloud-contract-spec-4.2.1.jar;C:\Users\ruben\.m2\repository\org\springframework\cloud\spring-cloud-contract-spec-java\4.2.1\spring-cloud-contract-spec-java-4.2.1.jar;C:\Users\ruben\.m2\repository\dk\brics\automaton\1.12-4\automaton-1.12-4.jar;C:\Users\ruben\.m2\repository\org\springframework\cloud\spring-cloud-contract-spec-groovy\4.2.1\spring-cloud-contract-spec-groovy-4.2.1.jar;C:\Users\ruben\.m2\repository\org\eclipse\jgit\org.eclipse.jgit\6.10.0.202406032230-r\org.eclipse.jgit-6.10.0.202406032230-r.jar;C:\Users\ruben\.m2\repository\com\googlecode\javaewah\JavaEWAH\1.2.3\JavaEWAH-1.2.3.jar;C:\Users\ruben\.m2\repository\org\eclipse\jgit\org.eclipse.jgit.ssh.jsch\6.7.0.202309050840-r\org.eclipse.jgit.ssh.jsch-6.7.0.202309050840-r.jar;C:\Users\ruben\.m2\repository\com\jcraft\jsch\0.1.55\jsch-0.1.55.jar;C:\Users\ruben\.m2\repository\com\jcraft\jzlib\1.1.3\jzlib-1.1.3.jar;C:\Users\ruben\.m2\repository\com\jcraft\jsch.agentproxy.sshagent\0.0.9\jsch.agentproxy.sshagent-0.0.9.jar;C:\Users\ruben\.m2\repository\com\jcraft\jsch.agentproxy.core\0.0.9\jsch.agentproxy.core-0.0.9.jar;C:\Users\ruben\.m2\repository\com\jcraft\jsch.agentproxy.jsch\0.0.9\jsch.agentproxy.jsch-0.0.9.jar;C:\Users\ruben\.m2\repository\com\jcraft\jsch.agentproxy.usocket-jna\0.0.9\jsch.agentproxy.usocket-jna-0.0.9.jar;C:\Users\ruben\.m2\repository\net\java\dev\jna\jna-platform\4.1.0\jna-platform-4.1.0.jar;C:\Users\ruben\.m2\repository\org\springframework\cloud\spring-cloud-contract-wiremock\4.2.1\spring-cloud-contract-wiremock-4.2.1.jar;C:\Users\ruben\.m2\repository\com\github\tomakehurst\wiremock-jre8-standalone\2.35.1\wiremock-jre8-standalone-2.35.1.jar;C:\Users\ruben\.m2\repository\org\apache\httpcomponents\client5\httpclient5\5.4.3\httpclient5-5.4.3.jar;C:\Users\ruben\.m2\repository\org\apache\httpcomponents\core5\httpcore5\5.3.4\httpcore5-5.3.4.jar;C:\Users\ruben\.m2\repository\org\apache\httpcomponents\core5\httpcore5-h2\5.3.4\httpcore5-h2-5.3.4.jar;C:\Users\ruben\.m2\repository\org\springframework\cloud\spring-cloud-test-support\4.2.1\spring-cloud-test-support-4.2.1.jar;C:\Users\ruben\.m2\repository\org\apache\maven\resolver\maven-resolver-connector-basic\1.9.22\maven-resolver-connector-basic-1.9.22.jar;C:\Users\ruben\.m2\repository\org\apache\maven\resolver\maven-resolver-spi\1.9.22\maven-resolver-spi-1.9.22.jar;C:\Users\ruben\.m2\repository\org\apache\maven\resolver\maven-resolver-util\1.9.22\maven-resolver-util-1.9.22.jar;C:\Users\ruben\.m2\repository\org\apache\maven\resolver\maven-resolver-impl\1.9.22\maven-resolver-impl-1.9.22.jar;C:\Users\ruben\.m2\repository\org\apache\maven\resolver\maven-resolver-named-locks\1.9.22\maven-resolver-named-locks-1.9.22.jar;C:\Users\ruben\.m2\repository\org\apache\maven\maven-resolver-provider\3.9.9\maven-resolver-provider-3.9.9.jar;C:\Users\ruben\.m2\repository\org\apache\maven\maven-model\3.9.9\maven-model-3.9.9.jar;C:\Users\ruben\.m2\repository\org\apache\maven\maven-model-builder\3.9.9\maven-model-builder-3.9.9.jar;C:\Users\ruben\.m2\repository\org\codehaus\plexus\plexus-interpolation\1.27\plexus-interpolation-1.27.jar;C:\Users\ruben\.m2\repository\org\apache\maven\maven-artifact\3.9.9\maven-artifact-3.9.9.jar;C:\Users\ruben\.m2\repository\org\apache\maven\maven-builder-support\3.9.9\maven-builder-support-3.9.9.jar;C:\Users\ruben\.m2\repository\org\apache\maven\maven-repository-metadata\3.9.9\maven-repository-metadata-3.9.9.jar;C:\Users\ruben\.m2\repository\org\apache\maven\resolver\maven-resolver-transport-http\1.9.22\maven-resolver-transport-http-1.9.22.jar;C:\Users\ruben\.m2\repository\org\apache\maven\resolver\maven-resolver-api\1.9.18\maven-resolver-api-1.9.18.jar;C:\Users\ruben\.m2\repository\org\sonatype\sisu\sisu-inject-plexus\2.6.0\sisu-inject-plexus-2.6.0.jar;C:\Users\ruben\.m2\repository\org\codehaus\plexus\plexus-component-annotations\1.5.5\plexus-component-annotations-1.5.5.jar;C:\Users\ruben\.m2\repository\org\codehaus\plexus\plexus-classworlds\2.5.2\plexus-classworlds-2.5.2.jar;C:\Users\ruben\.m2\repository\org\codehaus\plexus\plexus-utils\3.0.18\plexus-utils-3.0.18.jar;C:\Users\ruben\.m2\repository\org\sonatype\sisu\sisu-inject-bean\2.6.0\sisu-inject-bean-2.6.0.jar;C:\Users\ruben\.m2\repository\javax\enterprise\cdi-api\1.0\cdi-api-1.0.jar;C:\Users\ruben\.m2\repository\javax\annotation\jsr250-api\1.0\jsr250-api-1.0.jar;C:\Users\ruben\.m2\repository\org\sonatype\sisu\sisu-guice\3.2.5\sisu-guice-3.2.5-no_aop.jar;C:\Users\ruben\.m2\repository\com\google\guava\guava\16.0.1\guava-16.0.1.jar;C:\Users\ruben\.m2\repository\org\eclipse\sisu\org.eclipse.sisu.inject\0.3.0\org.eclipse.sisu.inject-0.3.0.jar;C:\Users\ruben\.m2\repository\org\eclipse\sisu\org.eclipse.sisu.plexus\0.3.0\org.eclipse.sisu.plexus-0.3.0.jar;"/>
    <property name="sun.cpu.endian" value="little"/>
    <property name="user.home" value="C:\Users\ruben"/>
    <property name="user.language" value="en"/>
    <property name="java.specification.vendor" value="Oracle Corporation"/>
    <property name="java.version.date" value="2025-01-21"/>
    <property name="java.home" value="C:\Program Files\Java\jdk-21"/>
    <property name="file.separator" value="\"/>
    <property name="basedir" value="d:\Universidad\7 Semestre\Modelos de calidad de software\3 Corte\cafeteria-app\cafeteria-app"/>
    <property name="java.vm.compressedOopsMode" value="Zero based"/>
    <property name="line.separator" value="&#10;"/>
    <property name="java.vm.specification.vendor" value="Oracle Corporation"/>
    <property name="java.specification.name" value="Java Platform API Specification"/>
    <property name="FILE_LOG_CHARSET" value="UTF-8"/>
    <property name="java.awt.headless" value="true"/>
    <property name="surefire.real.class.path" value="C:\Users\ruben\AppData\Local\Temp\surefire17579330484495651215\surefirebooter-20250428174433329_3.jar"/>
    <property name="user.script" value=""/>
    <property name="polyglot.engine.WarnInterpreterOnly" value="false"/>
    <property name="sun.management.compiler" value="HotSpot 64-Bit Tiered Compilers"/>
    <property name="java.runtime.version" value="21.0.6+8-LTS-188"/>
    <property name="user.name" value="ruben"/>
    <property name="stdout.encoding" value="Cp1252"/>
    <property name="path.separator" value=";"/>
    <property name="os.version" value="10.0"/>
    <property name="java.runtime.name" value="Java(TM) SE Runtime Environment"/>
    <property name="file.encoding" value="UTF-8"/>
    <property name="java.vm.name" value="Java HotSpot(TM) 64-Bit Server VM"/>
    <property name="localRepository" value="C:\Users\ruben\.m2\repository"/>
    <property name="javax.xml.xpath.XPathFactory:http://java.sun.com/jaxp/xpath/dom" value="com.sun.org.apache.xpath.internal.jaxp.XPathFactoryImpl"/>
    <property name="java.vendor.url.bug" value="https://bugreport.java.com/bugreport/"/>
    <property name="jetty.git.hash" value="4231a3b2e4cb8548a412a789936d640a97b1aa0a"/>
    <property name="java.io.tmpdir" value="C:\Users\ruben\AppData\Local\Temp\"/>
    <property name="wiremock.org.eclipse.jetty.http.HttpGenerator.STRICT" value="true"/>
    <property name="catalina.home" value="C:\Users\ruben\AppData\Local\Temp\tomcat.0.2021236366043468010"/>
    <property name="com.zaxxer.hikari.pool_number" value="1"/>
    <property name="java.version" value="21.0.6"/>
    <property name="user.dir" value="d:\Universidad\7 Semestre\Modelos de calidad de software\3 Corte\cafeteria-app\cafeteria-app"/>
    <property name="os.arch" value="amd64"/>
    <property name="java.vm.specification.name" value="Java Virtual Machine Specification"/>
    <property name="PID" value="4412"/>
    <property name="user.language.format" value="es"/>
    <property name="sun.os.patch.level" value=""/>
    <property name="CONSOLE_LOG_CHARSET" value="UTF-8"/>
    <property name="catalina.base" value="C:\Users\ruben\AppData\Local\Temp\tomcat.0.2021236366043468010"/>
    <property name="native.encoding" value="Cp1252"/>
    <property name="java.library.path" value="C:\Program Files\Java\jdk-21\bin;C:\WINDOWS\Sun\Java\bin;C:\WINDOWS\system32;C:\WINDOWS;C:\Program Files\Java\jdk-21\bin;C:\Program Files\Java\jdk-21\bin;C:\Program Files\Java\jdk-21\bin;C:\Program Files\Java\jdk-21\bin;C:\Program Files\Java\jdk-21\bin;C:\Program Files\Java\jdk-21\bin;C:\Program Files\Java\jdk-21\bin;C:\Program Files\Java\jdk-21\bin;C:\Program Files\Java\jdk-21\bin;C:\Program Files\Java\jdk-21\bin;C:\Program Files\Java\jdk-21\bin;C:\Program Files\Java\jdk-21\bin;C:\Program Files\Java\jdk-21\bin;C:\Program Files\Java\jdk-21\bin;C:\Program Files\Java\jdk-21\bin;C:\Program Files\Java\jdk-21\bin;C:\Program Files\Java\jdk-21\bin;C:\Program Files\Java\jdk-21\bin;C:\Program Files\Java\jdk-21\bin;C:\Program Files\Java\jdk-21\bin;C:\Program Files\Java\jdk-21\bin;C:\Program Files\Java\jdk-21\bin;C:\Program Files\Java\jdk-21\bin;C:\Program Files\Java\jdk-21\bin;C:\WINDOWS\System32;C:\Program Files\Java\jdk-17\bin;C:\Program Files (x86)\Common Files\Intel\Shared Libraries\redist\intel64\compiler;C:\Program Files\Common Files\Oracle\Java\javapath;C:\WINDOWS\system32;C:\WINDOWS;C:\WINDOWS\System32\Wbem;C:\WINDOWS\System32\WindowsPowerShell\v1.0\;C:\WINDOWS\System32\OpenSSH\;C:\Program Files (x86)\NVIDIA Corporation\PhysX\Common;C:\Program Files\Git\cmd;C:\Program Files\NVIDIA Corporation\NVIDIA app\NvDLISR;C:\Program Files\nodejs\;C:\Program Files\dotnet\;C:\Program Files\PuTTY\;C:\Program Files\NVIDIA Corporation\NVIDIA NvDLISR;C:\Program Files\Docker\Docker\resources\bin;C:\Users\ruben\AppData\Local\Programs\Python\Python313\Scripts\;C:\Users\ruben\AppData\Local\Programs\Python\Python313\;C:\Users\ruben\.console-ninja\.bin;C:\Users\ruben\AppData\Local\Microsoft\WindowsApps;C:\Users\ruben\AppData\Local\Programs\Microsoft VS Code\bin;C:\Users\ruben\AppData\Local\GitHubDesktop\bin;C:\Users\ruben\AppData\Local\Microso;C:\Program Files\Go\bin;C:\Users\ruben\AppData\Local\Microsoft\WinGet\Packages\Schniz.fnm_Microsoft.Winget.Source_8wekyb3d8bbwe;C:\Us;C:\Users\ruben\go\bin;C:\Program Files\Java\jdk-17\bin;C:\Program Files (x86)\Common Files\Intel\Shared Libraries\redist\intel64\compiler;C:\Program Files\Common Files\Oracle\Java\javapath;C:\WINDOWS\system32;C:\WINDOWS;C:\WINDOWS\System32\Wbem;C:\WINDOWS\System32\WindowsPowerShell\v1.0\;C:\WINDOWS\System32\OpenSSH\;C:\Program Files (x86)\NVIDIA Corporation\PhysX\Common;C:\Program Files\Git\cmd;C:\Program Files\NVIDIA Corporation\NVIDIA app\NvDLISR;C:\Program Files\nodejs\;C:\Program Files\dotnet\;C:\Program Files\PuTTY\;C:\Program Files\NVIDIA Corporation\NVIDIA NvDLISR;C:\Program Files\Docker\Docker\resources\bin;C:\Users\ruben\AppData\Local\Programs\Python\Python313\Scripts\;C:\Users\ruben\AppData\Local\Programs\Python\Python313\;C:\Users\ruben\.console-ninja\.bin;C:\Users\ruben\AppData\Local\Microsoft\WindowsApps;C:\Users\ruben\AppData\Local\Programs\Microsoft VS Code\bin;C:\Users\ruben\AppData\Local\GitHubDesktop\bin;C:\Users\ruben\AppData\Local\Microso;C:\Program Files\Go\bin;C:\Users\ruben\AppData\Local\Microsoft\WinGet\Packages\Schniz.fnm_Microsoft.Winget.Source_8wekyb3d8bbwe;C:\Us;C:\Users\ruben\go\bin;C:\Program Files\Java\jdk-17\bin;C:\Program Files (x86)\Common Files\Intel\Shared Libraries\redist\intel64\compiler;C:\Program Files\Common Files\Oracle\Java\javapath;C:\WINDOWS\system32;C:\WINDOWS;C:\WINDOWS\System32\Wbem;C:\WINDOWS\System32\WindowsPowerShell\v1.0\;C:\WINDOWS\System32\OpenSSH\;C:\Program Files (x86)\NVIDIA Corporation\PhysX\Common;C:\Program Files\Git\cmd;C:\Program Files\NVIDIA Corporation\NVIDIA app\NvDLISR;C:\Program Files\nodejs\;C:\Program Files\dotnet\;C:\Program Files\PuTTY\;C:\Program Files\NVIDIA Corporation\NVIDIA NvDLISR;C:\Program Files\Docker\Docker\resources\bin;C:\Users\ruben\AppData\Local\Programs\Python\Python313\Scripts\;C:\Users\ruben\AppData\Local\Programs\Python\Python313\;C:\Users\ruben\.console-ninja\.bin;C:\Users\ruben\AppData\Local\Microsoft\WindowsApps;C:\Users\ruben\AppData\Local\Programs\Microsoft VS Code\bin;C:\Users\ruben\AppData\Local\GitHubDesktop\bin;C:\Users\ruben\AppData\Local\Microso;C:\Program Files\Go\bin;C:\Program Files\Java\jdk-17\bin;C:\Program Files (x86)\Common Files\Intel\Shared Libraries\re;C:\Program Files\Java\jdk-17\bin;C:\Program Files (x86)\Common Files\Intel\Shared Libraries\redist\intel64\compiler;C:\Program Files\Common Files\Oracle\Java\javapath;C:\WINDOWS\system32;C:\WINDOWS;C:\WINDOWS\System32\Wbem;C:\WINDOWS\System32\WindowsPowerShell\v1.0\;C:\WINDOWS\System32\OpenSSH\;C:\Program Files (x86)\NVIDIA Corporation\PhysX\Common;C:\Program Files\Git\cmd;C:\Program Files\NVIDIA Corporation\NVIDIA app\NvDLISR;C:\Program Files\nodejs\;;C:\Program Files\dotnet\;C:\Program Files\PuTTY\;C:\Program Files\NVIDIA Corporation\NVIDIA NvDLISR;C:\Program Files\Docker\Docker\resources\bin;C:\Users\ruben\AppData\Local\Programs\Python\Python313\Scripts\;C:\Users\ruben\AppData\Local\Programs\Python\Python313\;C:\Users\ruben\.console-ninja\.bin;C:\Users\ruben\AppData\Local\Microsoft\WindowsApps;C:\Users\ruben\AppData\Local\Programs\Microsoft VS Code\bin;C:\Users\ruben\AppData\Local\GitHubDesktop\bin;C:\Users\ruben\AppData\Local\Microsoft\WinGet\Packages\Schniz.fnm_Microsoft.Winget.Source_8wekyb3d8bbwe;C:\Us;C:\WINDOWS\system32\config\systemprofile\go\bin;C:\Users\ruben\AppData\Local\Programs\Lens\resources\cli\bin;c:\Users\ruben\AppData\Roaming\Code\User\globalStorage\github.copilot-chat\debugCommand;."/>
    <property name="java.vm.info" value="mixed mode, sharing"/>
    <property name="stderr.encoding" value="Cp1252"/>
    <property name="java.vendor" value="Oracle Corporation"/>
    <property name="java.vm.version" value="21.0.6+8-LTS-188"/>
    <property name="sun.io.unicode.encoding" value="UnicodeLittle"/>
    <property name="javax.xml.transform.TransformerFactory" value="com.sun.org.apache.xalan.internal.xsltc.trax.TransformerFactoryImpl"/>
    <property name="java.class.version" value="65.0"/>
    <property name="LOGGED_APPLICATION_NAME" value="[cafeteria-app] "/>
  </properties>
  <testcase name="obtenerClientesVacio" classname="com.rubenrf.cafeteria_app.CafeteriaAppApplicationTests" time="1.226">
    <system-out><![CDATA[17:44:34.156 [main] INFO org.springframework.test.context.support.AnnotationConfigContextLoaderUtils -- Could not detect default configuration classes for test class [com.rubenrf.cafeteria_app.CafeteriaAppApplicationTests]: CafeteriaAppApplicationTests does not declare any static, non-private, non-final, nested classes annotated with @Configuration.
17:44:34.285 [main] INFO org.springframework.boot.test.context.SpringBootTestContextBootstrapper -- Found @SpringBootConfiguration com.rubenrf.cafeteria_app.CafeteriaAppApplication for test class com.rubenrf.cafeteria_app.CafeteriaAppApplicationTests

  .   ____          _            __ _ _
 /\\ / ___'_ __ _ _(_)_ __  __ _ \ \ \ \
( ( )\___ | '_ | '_| | '_ \/ _` | \ \ \ \
 \\/  ___)| |_)| | | | | || (_| |  ) ) ) )
  '  |____| .__|_| |_|_| |_\__, | / / / /
 =========|_|==============|___/=/_/_/_/

 :: Spring Boot ::                (v3.4.5)

2025-04-28T17:44:34.900-05:00  INFO 4412 --- [cafeteria-app] [           main] c.r.c.CafeteriaAppApplicationTests       : Starting CafeteriaAppApplicationTests using Java 21.0.6 with PID 4412 (started by ruben in d:\Universidad\7 Semestre\Modelos de calidad de software\3 Corte\cafeteria-app\cafeteria-app)
2025-04-28T17:44:34.901-05:00  INFO 4412 --- [cafeteria-app] [           main] c.r.c.CafeteriaAppApplicationTests       : No active profile set, falling back to 1 default profile: "default"
2025-04-28T17:44:35.976-05:00  INFO 4412 --- [cafeteria-app] [           main] .s.d.r.c.RepositoryConfigurationDelegate : Bootstrapping Spring Data JPA repositories in DEFAULT mode.
2025-04-28T17:44:36.039-05:00  INFO 4412 --- [cafeteria-app] [           main] .s.d.r.c.RepositoryConfigurationDelegate : Finished Spring Data repository scanning in 54 ms. Found 2 JPA repository interfaces.
2025-04-28T17:44:36.357-05:00  INFO 4412 --- [cafeteria-app] [           main] o.s.cloud.context.scope.GenericScope     : BeanFactory id=e0de4e0c-0d85-3687-9d77-2bd3afb77894
2025-04-28T17:44:37.079-05:00  INFO 4412 --- [cafeteria-app] [           main] o.s.b.w.embedded.tomcat.TomcatWebServer  : Tomcat initialized with port 0 (http)
2025-04-28T17:44:37.093-05:00  INFO 4412 --- [cafeteria-app] [           main] o.apache.catalina.core.StandardService   : Starting service [Tomcat]
2025-04-28T17:44:37.093-05:00  INFO 4412 --- [cafeteria-app] [           main] o.apache.catalina.core.StandardEngine    : Starting Servlet engine: [Apache Tomcat/10.1.40]
2025-04-28T17:44:37.179-05:00  INFO 4412 --- [cafeteria-app] [           main] o.a.c.c.C.[Tomcat].[localhost].[/]       : Initializing Spring embedded WebApplicationContext
2025-04-28T17:44:37.181-05:00  INFO 4412 --- [cafeteria-app] [           main] w.s.c.ServletWebServerApplicationContext : Root WebApplicationContext: initialization completed in 2043 ms
2025-04-28T17:44:37.291-05:00  INFO 4412 --- [cafeteria-app] [           main] org.testcontainers.images.PullPolicy     : Image pull policy will be performed by: DefaultPullPolicy()
2025-04-28T17:44:37.295-05:00  INFO 4412 --- [cafeteria-app] [           main] o.t.utility.ImageNameSubstitutor         : Image name substitution will be performed by: DefaultImageNameSubstitutor (composite of 'ConfigurationFileImageNameSubstitutor' and 'PrefixingImageNameSubstitutor')
2025-04-28T17:44:37.312-05:00  INFO 4412 --- [cafeteria-app] [           main] org.testcontainers.DockerClientFactory   : Testcontainers version: 1.20.6
2025-04-28T17:44:37.496-05:00  INFO 4412 --- [cafeteria-app] [           main] o.t.d.DockerClientProviderStrategy       : Loaded org.testcontainers.dockerclient.NpipeSocketClientProviderStrategy from ~/.testcontainers.properties, will try it first
2025-04-28T17:44:37.748-05:00  INFO 4412 --- [cafeteria-app] [           main] o.t.d.DockerClientProviderStrategy       : Found Docker environment with local Npipe socket (npipe:////./pipe/docker_engine)
2025-04-28T17:44:37.749-05:00  INFO 4412 --- [cafeteria-app] [           main] org.testcontainers.DockerClientFactory   : Docker host IP address is localhost
2025-04-28T17:44:37.768-05:00  INFO 4412 --- [cafeteria-app] [           main] org.testcontainers.DockerClientFactory   : Connected to docker: 
  Server Version: 27.4.0
  API Version: 1.47
  Operating System: Docker Desktop
  Total Memory: 7841 MB
  Labels: 
    com.docker.desktop.address=npipe://\\.\pipe\docker_cli
2025-04-28T17:44:37.951-05:00  INFO 4412 --- [cafeteria-app] [           main] tc.testcontainers/ryuk:0.11.0            : Creating container for image: testcontainers/ryuk:0.11.0
2025-04-28T17:44:38.140-05:00  INFO 4412 --- [cafeteria-app] [           main] tc.testcontainers/ryuk:0.11.0            : Container testcontainers/ryuk:0.11.0 is starting: 2a42d591ca00a64de63be801f48618f867b31e090e0ce7e8b14758d97b8cdba5
2025-04-28T17:44:38.593-05:00  INFO 4412 --- [cafeteria-app] [           main] tc.testcontainers/ryuk:0.11.0            : Container testcontainers/ryuk:0.11.0 started in PT0.6416538S
2025-04-28T17:44:38.598-05:00  INFO 4412 --- [cafeteria-app] [           main] o.t.utility.RyukResourceReaper           : Ryuk started - will monitor and terminate Testcontainers containers on JVM exit
2025-04-28T17:44:38.598-05:00  INFO 4412 --- [cafeteria-app] [           main] org.testcontainers.DockerClientFactory   : Checking the system...
2025-04-28T17:44:38.599-05:00  INFO 4412 --- [cafeteria-app] [           main] org.testcontainers.DockerClientFactory   : ✔︎ Docker server version should be at least 1.6.0
2025-04-28T17:44:38.601-05:00  INFO 4412 --- [cafeteria-app] [           main] tc.mysql:8.3.0                           : Creating container for image: mysql:8.3.0
2025-04-28T17:44:38.698-05:00  INFO 4412 --- [cafeteria-app] [           main] tc.mysql:8.3.0                           : Container mysql:8.3.0 is starting: 1803382ac9886a5f611b1de09ed9720030ee6c685013f9d8e066b9127c8d7cfb
2025-04-28T17:44:38.988-05:00  INFO 4412 --- [cafeteria-app] [           main] tc.mysql:8.3.0                           : Waiting for database connection to become available at jdbc:mysql://localhost:20527/db_cafeteria using query 'SELECT 1'
2025-04-28T17:44:48.787-05:00  INFO 4412 --- [cafeteria-app] [           main] tc.mysql:8.3.0                           : Container mysql:8.3.0 started in PT10.1859509S
2025-04-28T17:44:48.787-05:00  INFO 4412 --- [cafeteria-app] [           main] tc.mysql:8.3.0                           : Container is started (JDBC URL: jdbc:mysql://localhost:20527/db_cafeteria)
2025-04-28T17:44:49.359-05:00  INFO 4412 --- [cafeteria-app] [           main] org.flywaydb.core.FlywayExecutor         : Database: jdbc:mysql://localhost:20527/db_cafeteria (MySQL 8.3)
2025-04-28T17:44:49.381-05:00  WARN 4412 --- [cafeteria-app] [           main] o.f.c.internal.database.base.Database    : Flyway upgrade recommended: MySQL 8.3 is newer than this version of Flyway and support has not been tested. The latest supported version of MySQL is 8.1.
2025-04-28T17:44:49.416-05:00  INFO 4412 --- [cafeteria-app] [           main] o.f.c.i.s.JdbcTableSchemaHistory         : Schema history table `db_cafeteria`.`flyway_schema_history` does not exist yet
2025-04-28T17:44:49.421-05:00  INFO 4412 --- [cafeteria-app] [           main] o.f.core.internal.command.DbValidate     : Successfully validated 1 migration (execution time 00:00.027s)
2025-04-28T17:44:49.454-05:00  INFO 4412 --- [cafeteria-app] [           main] o.f.c.i.s.JdbcTableSchemaHistory         : Creating Schema History table `db_cafeteria`.`flyway_schema_history` ...
2025-04-28T17:44:49.539-05:00  INFO 4412 --- [cafeteria-app] [           main] o.f.core.internal.command.DbMigrate      : Current version of schema `db_cafeteria`: << Empty Schema >>
2025-04-28T17:44:49.557-05:00  INFO 4412 --- [cafeteria-app] [           main] o.f.core.internal.command.DbMigrate      : Migrating schema `db_cafeteria` to version "1 - create-tables"
2025-04-28T17:44:49.916-05:00  WARN 4412 --- [cafeteria-app] [           main] o.f.c.i.s.DefaultSqlScriptExecutor       : DB: Integer display width is deprecated and will be removed in a future release. (SQL State: HY000 - Error Code: 1681)
2025-04-28T17:44:49.935-05:00  WARN 4412 --- [cafeteria-app] [           main] o.f.c.i.s.DefaultSqlScriptExecutor       : DB: Integer display width is deprecated and will be removed in a future release. (SQL State: HY000 - Error Code: 1681)
2025-04-28T17:44:49.956-05:00  WARN 4412 --- [cafeteria-app] [           main] o.f.c.i.s.DefaultSqlScriptExecutor       : DB: Integer display width is deprecated and will be removed in a future release. (SQL State: HY000 - Error Code: 1681)
2025-04-28T17:44:50.124-05:00  INFO 4412 --- [cafeteria-app] [           main] o.f.core.internal.command.DbMigrate      : Successfully applied 1 migration to schema `db_cafeteria`, now at version v1 (execution time 00:00.534s)
2025-04-28T17:44:50.203-05:00  INFO 4412 --- [cafeteria-app] [           main] com.zaxxer.hikari.HikariDataSource       : HikariPool-1 - Starting...
2025-04-28T17:44:50.239-05:00  INFO 4412 --- [cafeteria-app] [           main] com.zaxxer.hikari.pool.HikariPool        : HikariPool-1 - Added connection com.mysql.cj.jdbc.ConnectionImpl@95958d9
2025-04-28T17:44:50.242-05:00  INFO 4412 --- [cafeteria-app] [           main] com.zaxxer.hikari.HikariDataSource       : HikariPool-1 - Start completed.
2025-04-28T17:44:50.278-05:00  INFO 4412 --- [cafeteria-app] [           main] o.hibernate.jpa.internal.util.LogHelper  : HHH000204: Processing PersistenceUnitInfo [name: default]
2025-04-28T17:44:50.325-05:00  INFO 4412 --- [cafeteria-app] [           main] org.hibernate.Version                    : HHH000412: Hibernate ORM core version 6.6.13.Final
2025-04-28T17:44:50.361-05:00  INFO 4412 --- [cafeteria-app] [           main] o.h.c.internal.RegionFactoryInitiator    : HHH000026: Second-level cache disabled
2025-04-28T17:44:50.594-05:00  INFO 4412 --- [cafeteria-app] [           main] o.s.o.j.p.SpringPersistenceUnitInfo      : No LoadTimeWeaver setup: ignoring JPA class transformer
2025-04-28T17:44:50.661-05:00  INFO 4412 --- [cafeteria-app] [           main] org.hibernate.orm.connections.pooling    : HHH10001005: Database info:
	Database JDBC URL [Connecting through datasource 'HikariDataSource (HikariPool-1)']
	Database driver: undefined/unknown
	Database version: 8.3
	Autocommit mode: undefined/unknown
	Isolation level: undefined/unknown
	Minimum pool size: undefined/unknown
	Maximum pool size: undefined/unknown
2025-04-28T17:44:51.182-05:00  INFO 4412 --- [cafeteria-app] [           main] o.h.e.t.j.p.i.JtaPlatformInitiator       : HHH000489: No JTA platform available (set 'hibernate.transaction.jta.platform' to enable JTA platform integration)
2025-04-28T17:44:51.184-05:00  INFO 4412 --- [cafeteria-app] [           main] j.LocalContainerEntityManagerFactoryBean : Initialized JPA EntityManagerFactory for persistence unit 'default'
2025-04-28T17:44:52.152-05:00  WARN 4412 --- [cafeteria-app] [           main] JpaBaseConfiguration$JpaWebConfiguration : spring.jpa.open-in-view is enabled by default. Therefore, database queries may be performed during view rendering. Explicitly configure spring.jpa.open-in-view to disable this warning
2025-04-28T17:44:53.265-05:00  INFO 4412 --- [cafeteria-app] [           main] o.s.b.w.embedded.tomcat.TomcatWebServer  : Tomcat started on port 20626 (http) with context path '/'
2025-04-28T17:44:53.279-05:00  INFO 4412 --- [cafeteria-app] [           main] c.r.c.CafeteriaAppApplicationTests       : Started CafeteriaAppApplicationTests in 18.737 seconds (process running for 19.837)
2025-04-28T17:44:54.287-05:00  INFO 4412 --- [cafeteria-app] [o-auto-1-exec-1] o.a.c.c.C.[Tomcat].[localhost].[/]       : Initializing Spring DispatcherServlet 'dispatcherServlet'
2025-04-28T17:44:54.287-05:00  INFO 4412 --- [cafeteria-app] [o-auto-1-exec-1] o.s.web.servlet.DispatcherServlet        : Initializing Servlet 'dispatcherServlet'
2025-04-28T17:44:54.289-05:00  INFO 4412 --- [cafeteria-app] [o-auto-1-exec-1] o.s.web.servlet.DispatcherServlet        : Completed initialization in 2 ms
HTTP/1.1 204 
Date: Mon, 28 Apr 2025 22:44:54 GMT
Keep-Alive: timeout=60
Connection: keep-alive
]]></system-out>
    <system-err><![CDATA[Mockito is currently self-attaching to enable the inline-mock-maker. This will no longer work in future releases of the JDK. Please add Mockito as an agent to your build what is described in Mockito's documentation: https://javadoc.io/doc/org.mockito/mockito-core/latest/org/mockito/Mockito.html#0.3
WARNING: A Java agent has been loaded dynamically (C:\Users\ruben\.m2\repository\net\bytebuddy\byte-buddy-agent\1.15.11\byte-buddy-agent-1.15.11.jar)
WARNING: If a serviceability tool is in use, please run with -XX:+EnableDynamicAgentLoading to hide this warning
WARNING: If a serviceability tool is not in use, please run with -Djdk.instrument.traceUsage for more information
WARNING: Dynamic loading of agents will be disallowed by default in a future release
]]></system-err>
  </testcase>
  <testcase name="eliminarProducto" classname="com.rubenrf.cafeteria_app.CafeteriaAppApplicationTests" time="0.232">
    <system-out><![CDATA[HTTP/1.1 201 
Location: http://localhost:20626/api/productos/1
Content-Type: application/json
Transfer-Encoding: chunked
Date: Mon, 28 Apr 2025 22:44:54 GMT
Keep-Alive: timeout=60
Connection: keep-alive

{
    "id": 1,
    "nombre": "Café",
    "precio": 500.0,
    "categoria": "BEBIDA",
    "stock": 100
}
HTTP/1.1 204 
Date: Mon, 28 Apr 2025 22:44:54 GMT
Keep-Alive: timeout=60
Connection: keep-alive
]]></system-out>
  </testcase>
  <testcase name="obtenerProductosVacio" classname="com.rubenrf.cafeteria_app.CafeteriaAppApplicationTests" time="0.022">
    <system-out><![CDATA[HTTP/1.1 204 
Date: Mon, 28 Apr 2025 22:44:54 GMT
Keep-Alive: timeout=60
Connection: keep-alive
]]></system-out>
  </testcase>
  <testcase name="actualizarProducto" classname="com.rubenrf.cafeteria_app.CafeteriaAppApplicationTests" time="0.057">
    <system-out><![CDATA[HTTP/1.1 201 
Location: http://localhost:20626/api/productos/2
Content-Type: application/json
Transfer-Encoding: chunked
Date: Mon, 28 Apr 2025 22:44:54 GMT
Keep-Alive: timeout=60
Connection: keep-alive

{
    "id": 2,
    "nombre": "Café",
    "precio": 500.0,
    "categoria": "BEBIDA",
    "stock": 100
}
HTTP/1.1 200 
Content-Type: application/json
Transfer-Encoding: chunked
Date: Mon, 28 Apr 2025 22:44:54 GMT
Keep-Alive: timeout=60
Connection: keep-alive

{
    "id": 2,
    "nombre": "Café Sello Rojo",
    "precio": 1500.0,
    "categoria": "BEBIDA",
    "stock": 1000
}
]]></system-out>
  </testcase>
  <testcase name="crearCliente" classname="com.rubenrf.cafeteria_app.CafeteriaAppApplicationTests" time="0.042">
    <system-out><![CDATA[HTTP/1.1 201 
Location: http://localhost:20626/api/clientes/1
Content-Type: application/json
Transfer-Encoding: chunked
Date: Mon, 28 Apr 2025 22:44:54 GMT
Keep-Alive: timeout=60
Connection: keep-alive

{
    "id": 1,
    "nombre": "Ruben Robles",
    "correo": "ruben@mail.com",
    "telefono": "+573020202022"
}
]]></system-out>
  </testcase>
  <testcase name="obtenerProducto" classname="com.rubenrf.cafeteria_app.CafeteriaAppApplicationTests" time="0.039">
    <system-out><![CDATA[HTTP/1.1 201 
Location: http://localhost:20626/api/productos/3
Content-Type: application/json
Transfer-Encoding: chunked
Date: Mon, 28 Apr 2025 22:44:54 GMT
Keep-Alive: timeout=60
Connection: keep-alive

{
    "id": 3,
    "nombre": "Café",
    "precio": 500.0,
    "categoria": "BEBIDA",
    "stock": 100
}
HTTP/1.1 200 
Content-Type: application/json
Transfer-Encoding: chunked
Date: Mon, 28 Apr 2025 22:44:54 GMT
Keep-Alive: timeout=60
Connection: keep-alive

{
    "id": 3,
    "nombre": "Café",
    "precio": 500.0,
    "categoria": "BEBIDA",
    "stock": 100
}
]]></system-out>
  </testcase>
  <testcase name="obtenerProductos" classname="com.rubenrf.cafeteria_app.CafeteriaAppApplicationTests" time="0.055">
    <system-out><![CDATA[HTTP/1.1 201 
Location: http://localhost:20626/api/productos/4
Content-Type: application/json
Transfer-Encoding: chunked
Date: Mon, 28 Apr 2025 22:44:54 GMT
Keep-Alive: timeout=60
Connection: keep-alive

{
    "id": 4,
    "nombre": "Café",
    "precio": 500.0,
    "categoria": "BEBIDA",
    "stock": 100
}
HTTP/1.1 201 
Location: http://localhost:20626/api/productos/5
Content-Type: application/json
Transfer-Encoding: chunked
Date: Mon, 28 Apr 2025 22:44:54 GMT
Keep-Alive: timeout=60
Connection: keep-alive

{
    "id": 5,
    "nombre": "Coca Cola 400ml",
    "precio": 2500.0,
    "categoria": "BEBIDA",
    "stock": 100
}
HTTP/1.1 200 
Content-Type: application/json
Transfer-Encoding: chunked
Date: Mon, 28 Apr 2025 22:44:54 GMT
Keep-Alive: timeout=60
Connection: keep-alive

[
    {
        "id": 2,
        "nombre": "Café Sello Rojo",
        "precio": 1500.0,
        "categoria": "BEBIDA",
        "stock": 1000
    },
    {
        "id": 3,
        "nombre": "Café",
        "precio": 500.0,
        "categoria": "BEBIDA",
        "stock": 100
    },
    {
        "id": 4,
        "nombre": "Café",
        "precio": 500.0,
        "categoria": "BEBIDA",
        "stock": 100
    },
    {
        "id": 5,
        "nombre": "Coca Cola 400ml",
        "precio": 2500.0,
        "categoria": "BEBIDA",
        "stock": 100
    }
]
]]></system-out>
  </testcase>
  <testcase name="crearProducto" classname="com.rubenrf.cafeteria_app.CafeteriaAppApplicationTests" time="0.02">
    <system-out><![CDATA[HTTP/1.1 201 
Location: http://localhost:20626/api/productos/6
Content-Type: application/json
Transfer-Encoding: chunked
Date: Mon, 28 Apr 2025 22:44:54 GMT
Keep-Alive: timeout=60
Connection: keep-alive

{
    "id": 6,
    "nombre": "Café",
    "precio": 500.0,
    "categoria": "BEBIDA",
    "stock": 100
}
]]></system-out>
  </testcase>
  <testcase name="obtenerCliente" classname="com.rubenrf.cafeteria_app.CafeteriaAppApplicationTests" time="0.045">
    <system-out><![CDATA[HTTP/1.1 201 
Location: http://localhost:20626/api/clientes/2
Content-Type: application/json
Transfer-Encoding: chunked
Date: Mon, 28 Apr 2025 22:44:55 GMT
Keep-Alive: timeout=60
Connection: keep-alive

{
    "id": 2,
    "nombre": "Ruben Robles",
    "correo": "ruben@mail.com",
    "telefono": "+573020202022"
}
HTTP/1.1 200 
Content-Type: application/json
Transfer-Encoding: chunked
Date: Mon, 28 Apr 2025 22:44:55 GMT
Keep-Alive: timeout=60
Connection: keep-alive

{
    "id": 2,
    "nombre": "Ruben Robles",
    "correo": "ruben@mail.com",
    "telefono": "+573020202022"
}
]]></system-out>
  </testcase>
  <testcase name="actualizarCliente" classname="com.rubenrf.cafeteria_app.CafeteriaAppApplicationTests" time="0.054">
    <system-out><![CDATA[HTTP/1.1 201 
Location: http://localhost:20626/api/clientes/3
Content-Type: application/json
Transfer-Encoding: chunked
Date: Mon, 28 Apr 2025 22:44:55 GMT
Keep-Alive: timeout=60
Connection: keep-alive

{
    "id": 3,
    "nombre": "Ruben Robles",
    "correo": "ruben@mail.com",
    "telefono": "+573020202022"
}
HTTP/1.1 200 
Content-Type: application/json
Transfer-Encoding: chunked
Date: Mon, 28 Apr 2025 22:44:55 GMT
Keep-Alive: timeout=60
Connection: keep-alive

{
    "id": 3,
    "nombre": "Ruben Fontalvo",
    "correo": "ruben2@mail.com",
    "telefono": "+573124400022"
}
]]></system-out>
  </testcase>
  <testcase name="eliminarCliente" classname="com.rubenrf.cafeteria_app.CafeteriaAppApplicationTests" time="0.045">
    <system-out><![CDATA[HTTP/1.1 201 
Location: http://localhost:20626/api/clientes/4
Content-Type: application/json
Transfer-Encoding: chunked
Date: Mon, 28 Apr 2025 22:44:55 GMT
Keep-Alive: timeout=60
Connection: keep-alive

{
    "id": 4,
    "nombre": "Ruben Robles",
    "correo": "ruben@mail.com",
    "telefono": "+573020202022"
}
HTTP/1.1 204 
Date: Mon, 28 Apr 2025 22:44:55 GMT
Keep-Alive: timeout=60
Connection: keep-alive
]]></system-out>
  </testcase>
  <testcase name="obtenerClientes" classname="com.rubenrf.cafeteria_app.CafeteriaAppApplicationTests" time="0.052">
    <system-out><![CDATA[HTTP/1.1 201 
Location: http://localhost:20626/api/clientes/5
Content-Type: application/json
Transfer-Encoding: chunked
Date: Mon, 28 Apr 2025 22:44:55 GMT
Keep-Alive: timeout=60
Connection: keep-alive

{
    "id": 5,
    "nombre": "Ruben Robles",
    "correo": "ruben@mail.com",
    "telefono": "+573020202022"
}
HTTP/1.1 201 
Location: http://localhost:20626/api/clientes/6
Content-Type: application/json
Transfer-Encoding: chunked
Date: Mon, 28 Apr 2025 22:44:55 GMT
Keep-Alive: timeout=60
Connection: keep-alive

{
    "id": 6,
    "nombre": "Diego Montes",
    "correo": "diego@mail.com",
    "telefono": "+573112001122"
}
HTTP/1.1 200 
Content-Type: application/json
Transfer-Encoding: chunked
Date: Mon, 28 Apr 2025 22:44:55 GMT
Keep-Alive: timeout=60
Connection: keep-alive

[
    {
        "id": 1,
        "nombre": "Ruben Robles",
        "correo": "ruben@mail.com",
        "telefono": "+573020202022"
    },
    {
        "id": 2,
        "nombre": "Ruben Robles",
        "correo": "ruben@mail.com",
        "telefono": "+573020202022"
    },
    {
        "id": 3,
        "nombre": "Ruben Fontalvo",
        "correo": "ruben2@mail.com",
        "telefono": "+573124400022"
    },
    {
        "id": 5,
        "nombre": "Ruben Robles",
        "correo": "ruben@mail.com",
        "telefono": "+573020202022"
    },
    {
        "id": 6,
        "nombre": "Diego Montes",
        "correo": "diego@mail.com",
        "telefono": "+573112001122"
    }
]
]]></system-out>
  </testcase>
</testsuite>